2024-12-24T00:03:42.426+08:00  INFO 19292 --- [springboot-ssr-financeweb] [RMI TCP Connection(13)-127.0.0.1] inMXBeanRegistrar$SpringApplicationAdmin : Application shutdown requested.
2024-12-24T00:03:42.489+08:00  INFO 19292 --- [springboot-ssr-financeweb] [RMI TCP Connection(13)-127.0.0.1] j.LocalContainerEntityManagerFactoryBean : Closing JPA EntityManagerFactory for persistence unit 'default'
2024-12-24T00:03:42.489+08:00  INFO 19292 --- [springboot-ssr-financeweb] [RMI TCP Connection(13)-127.0.0.1] com.zaxxer.hikari.HikariDataSource       : HikariPool-1 - Shutdown initiated...
2024-12-24T00:03:42.505+08:00  INFO 19292 --- [springboot-ssr-financeweb] [RMI TCP Connection(13)-127.0.0.1] com.zaxxer.hikari.HikariDataSource       : HikariPool-1 - Shutdown completed.
2024-12-24T00:03:45.304+08:00  INFO 28560 --- [springboot-ssr-financeweb] [main] c.e.d.SpringbootSsrFinancewebApplication : Starting SpringbootSsrFinancewebApplication using Java 21.0.4 with PID 28560 (C:\JAVA Practice\java_web\springboot-ssr-financeweb\target\classes started by jenny in C:\JAVA Practice\java_web\springboot-ssr-financeweb)
2024-12-24T00:03:45.306+08:00  INFO 28560 --- [springboot-ssr-financeweb] [main] c.e.d.SpringbootSsrFinancewebApplication : No active profile set, falling back to 1 default profile: "default"
2024-12-24T00:03:45.997+08:00  INFO 28560 --- [springboot-ssr-financeweb] [main] .s.d.r.c.RepositoryConfigurationDelegate : Bootstrapping Spring Data JPA repositories in DEFAULT mode.
2024-12-24T00:03:46.089+08:00  INFO 28560 --- [springboot-ssr-financeweb] [main] .s.d.r.c.RepositoryConfigurationDelegate : Finished Spring Data repository scanning in 86 ms. Found 9 JPA repository interfaces.
2024-12-24T00:03:46.564+08:00  INFO 28560 --- [springboot-ssr-financeweb] [main] o.s.b.w.embedded.tomcat.TomcatWebServer  : Tomcat initialized with port 8081 (http)
2024-12-24T00:03:46.577+08:00  INFO 28560 --- [springboot-ssr-financeweb] [main] o.apache.catalina.core.StandardService   : Starting service [Tomcat]
2024-12-24T00:03:46.577+08:00  INFO 28560 --- [springboot-ssr-financeweb] [main] o.apache.catalina.core.StandardEngine    : Starting Servlet engine: [Apache Tomcat/10.1.31]
2024-12-24T00:03:46.773+08:00  INFO 28560 --- [springboot-ssr-financeweb] [main] org.apache.jasper.servlet.TldScanner     : At least one JAR was scanned for TLDs yet contained no TLDs. Enable debug logging for this logger for a complete list of JARs that were scanned but no TLDs were found in them. Skipping unneeded JARs during scanning can improve startup time and JSP compilation time.
2024-12-24T00:03:46.778+08:00  INFO 28560 --- [springboot-ssr-financeweb] [main] o.a.c.c.C.[Tomcat].[localhost].[/]       : Initializing Spring embedded WebApplicationContext
2024-12-24T00:03:46.778+08:00  INFO 28560 --- [springboot-ssr-financeweb] [main] w.s.c.ServletWebServerApplicationContext : Root WebApplicationContext: initialization completed in 1418 ms
2024-12-24T00:03:46.924+08:00  INFO 28560 --- [springboot-ssr-financeweb] [main] o.hibernate.jpa.internal.util.LogHelper  : HHH000204: Processing PersistenceUnitInfo [name: default]
2024-12-24T00:03:46.964+08:00  INFO 28560 --- [springboot-ssr-financeweb] [main] org.hibernate.Version                    : HHH000412: Hibernate ORM core version 6.5.3.Final
2024-12-24T00:03:46.995+08:00  INFO 28560 --- [springboot-ssr-financeweb] [main] o.h.c.internal.RegionFactoryInitiator    : HHH000026: Second-level cache disabled
2024-12-24T00:03:47.192+08:00  INFO 28560 --- [springboot-ssr-financeweb] [main] o.s.o.j.p.SpringPersistenceUnitInfo      : No LoadTimeWeaver setup: ignoring JPA class transformer
2024-12-24T00:03:47.215+08:00  INFO 28560 --- [springboot-ssr-financeweb] [main] com.zaxxer.hikari.HikariDataSource       : HikariPool-1 - Starting...
2024-12-24T00:03:47.344+08:00  INFO 28560 --- [springboot-ssr-financeweb] [main] com.zaxxer.hikari.pool.HikariPool        : HikariPool-1 - Added connection com.mysql.cj.jdbc.ConnectionImpl@6dc9a56e
2024-12-24T00:03:47.346+08:00  INFO 28560 --- [springboot-ssr-financeweb] [main] com.zaxxer.hikari.HikariDataSource       : HikariPool-1 - Start completed.
2024-12-24T00:03:48.216+08:00  INFO 28560 --- [springboot-ssr-financeweb] [main] o.h.e.t.j.p.i.JtaPlatformInitiator       : HHH000489: No JTA platform available (set 'hibernate.transaction.jta.platform' to enable JTA platform integration)
2024-12-24T00:03:48.308+08:00  INFO 28560 --- [springboot-ssr-financeweb] [main] j.LocalContainerEntityManagerFactoryBean : Initialized JPA EntityManagerFactory for persistence unit 'default'
2024-12-24T00:03:48.494+08:00  INFO 28560 --- [springboot-ssr-financeweb] [main] o.s.d.j.r.query.QueryEnhancerFactory     : Hibernate is in classpath; If applicable, HQL parser will be used.
2024-12-24T00:03:49.008+08:00  WARN 28560 --- [springboot-ssr-financeweb] [main] JpaBaseConfiguration$JpaWebConfiguration : spring.jpa.open-in-view is enabled by default. Therefore, database queries may be performed during view rendering. Explicitly configure spring.jpa.open-in-view to disable this warning
2024-12-24T00:03:49.037+08:00  WARN 28560 --- [springboot-ssr-financeweb] [main] .s.s.UserDetailsServiceAutoConfiguration : 

Using generated security password: 72c69e57-48d5-4507-a118-2bd816bdca45

This generated password is for development use only. Your security configuration must be updated before running your application in production.

2024-12-24T00:03:49.041+08:00  INFO 28560 --- [springboot-ssr-financeweb] [main] r$InitializeUserDetailsManagerConfigurer : Global AuthenticationManager configured with UserDetailsService bean with name inMemoryUserDetailsManager
2024-12-24T00:03:49.131+08:00  INFO 28560 --- [springboot-ssr-financeweb] [main] o.s.b.a.w.s.WelcomePageHandlerMapping    : Adding welcome page: class path resource [static/index.html]
2024-12-24T00:03:49.470+08:00  INFO 28560 --- [springboot-ssr-financeweb] [main] o.s.b.w.embedded.tomcat.TomcatWebServer  : Tomcat started on port 8081 (http) with context path '/'
2024-12-24T00:03:49.478+08:00  INFO 28560 --- [springboot-ssr-financeweb] [main] c.e.d.SpringbootSsrFinancewebApplication : Started SpringbootSsrFinancewebApplication in 4.54 seconds (process running for 5.198)
2024-12-24T00:03:54.300+08:00  INFO 28560 --- [springboot-ssr-financeweb] [http-nio-8081-exec-1] o.a.c.c.C.[Tomcat].[localhost].[/]       : Initializing Spring DispatcherServlet 'dispatcherServlet'
2024-12-24T00:03:54.301+08:00  INFO 28560 --- [springboot-ssr-financeweb] [http-nio-8081-exec-1] o.s.web.servlet.DispatcherServlet        : Initializing Servlet 'dispatcherServlet'
2024-12-24T00:03:54.304+08:00  INFO 28560 --- [springboot-ssr-financeweb] [http-nio-8081-exec-1] o.s.web.servlet.DispatcherServlet        : Completed initialization in 3 ms
2024-12-24T00:05:22.421+08:00  INFO 28560 --- [springboot-ssr-financeweb] [RMI TCP Connection(11)-127.0.0.1] inMXBeanRegistrar$SpringApplicationAdmin : Application shutdown requested.
2024-12-24T00:05:22.445+08:00  INFO 28560 --- [springboot-ssr-financeweb] [RMI TCP Connection(11)-127.0.0.1] j.LocalContainerEntityManagerFactoryBean : Closing JPA EntityManagerFactory for persistence unit 'default'
2024-12-24T00:05:22.445+08:00  INFO 28560 --- [springboot-ssr-financeweb] [RMI TCP Connection(11)-127.0.0.1] com.zaxxer.hikari.HikariDataSource       : HikariPool-1 - Shutdown initiated...
2024-12-24T00:05:22.461+08:00  INFO 28560 --- [springboot-ssr-financeweb] [RMI TCP Connection(11)-127.0.0.1] com.zaxxer.hikari.HikariDataSource       : HikariPool-1 - Shutdown completed.
2024-12-24T00:05:24.944+08:00  INFO 29900 --- [springboot-ssr-financeweb] [main] c.e.d.SpringbootSsrFinancewebApplication : Starting SpringbootSsrFinancewebApplication using Java 21.0.4 with PID 29900 (C:\JAVA Practice\java_web\springboot-ssr-financeweb\target\classes started by jenny in C:\JAVA Practice\java_web\springboot-ssr-financeweb)
2024-12-24T00:05:24.944+08:00  INFO 29900 --- [springboot-ssr-financeweb] [main] c.e.d.SpringbootSsrFinancewebApplication : No active profile set, falling back to 1 default profile: "default"
2024-12-24T00:05:25.577+08:00  INFO 29900 --- [springboot-ssr-financeweb] [main] .s.d.r.c.RepositoryConfigurationDelegate : Bootstrapping Spring Data JPA repositories in DEFAULT mode.
2024-12-24T00:05:25.689+08:00  INFO 29900 --- [springboot-ssr-financeweb] [main] .s.d.r.c.RepositoryConfigurationDelegate : Finished Spring Data repository scanning in 97 ms. Found 9 JPA repository interfaces.
2024-12-24T00:05:26.132+08:00  INFO 29900 --- [springboot-ssr-financeweb] [main] o.s.b.w.embedded.tomcat.TomcatWebServer  : Tomcat initialized with port 8081 (http)
2024-12-24T00:05:26.147+08:00  INFO 29900 --- [springboot-ssr-financeweb] [main] o.apache.catalina.core.StandardService   : Starting service [Tomcat]
2024-12-24T00:05:26.147+08:00  INFO 29900 --- [springboot-ssr-financeweb] [main] o.apache.catalina.core.StandardEngine    : Starting Servlet engine: [Apache Tomcat/10.1.31]
2024-12-24T00:05:26.333+08:00  INFO 29900 --- [springboot-ssr-financeweb] [main] org.apache.jasper.servlet.TldScanner     : At least one JAR was scanned for TLDs yet contained no TLDs. Enable debug logging for this logger for a complete list of JARs that were scanned but no TLDs were found in them. Skipping unneeded JARs during scanning can improve startup time and JSP compilation time.
2024-12-24T00:05:26.339+08:00  INFO 29900 --- [springboot-ssr-financeweb] [main] o.a.c.c.C.[Tomcat].[localhost].[/]       : Initializing Spring embedded WebApplicationContext
2024-12-24T00:05:26.339+08:00  INFO 29900 --- [springboot-ssr-financeweb] [main] w.s.c.ServletWebServerApplicationContext : Root WebApplicationContext: initialization completed in 1358 ms
2024-12-24T00:05:26.490+08:00  INFO 29900 --- [springboot-ssr-financeweb] [main] o.hibernate.jpa.internal.util.LogHelper  : HHH000204: Processing PersistenceUnitInfo [name: default]
2024-12-24T00:05:26.529+08:00  INFO 29900 --- [springboot-ssr-financeweb] [main] org.hibernate.Version                    : HHH000412: Hibernate ORM core version 6.5.3.Final
2024-12-24T00:05:26.558+08:00  INFO 29900 --- [springboot-ssr-financeweb] [main] o.h.c.internal.RegionFactoryInitiator    : HHH000026: Second-level cache disabled
2024-12-24T00:05:26.756+08:00  INFO 29900 --- [springboot-ssr-financeweb] [main] o.s.o.j.p.SpringPersistenceUnitInfo      : No LoadTimeWeaver setup: ignoring JPA class transformer
2024-12-24T00:05:26.781+08:00  INFO 29900 --- [springboot-ssr-financeweb] [main] com.zaxxer.hikari.HikariDataSource       : HikariPool-1 - Starting...
2024-12-24T00:05:26.899+08:00  INFO 29900 --- [springboot-ssr-financeweb] [main] com.zaxxer.hikari.pool.HikariPool        : HikariPool-1 - Added connection com.mysql.cj.jdbc.ConnectionImpl@351ede23
2024-12-24T00:05:26.901+08:00  INFO 29900 --- [springboot-ssr-financeweb] [main] com.zaxxer.hikari.HikariDataSource       : HikariPool-1 - Start completed.
2024-12-24T00:05:27.782+08:00  INFO 29900 --- [springboot-ssr-financeweb] [main] o.h.e.t.j.p.i.JtaPlatformInitiator       : HHH000489: No JTA platform available (set 'hibernate.transaction.jta.platform' to enable JTA platform integration)
2024-12-24T00:05:27.864+08:00  INFO 29900 --- [springboot-ssr-financeweb] [main] j.LocalContainerEntityManagerFactoryBean : Initialized JPA EntityManagerFactory for persistence unit 'default'
2024-12-24T00:05:28.038+08:00  INFO 29900 --- [springboot-ssr-financeweb] [main] o.s.d.j.r.query.QueryEnhancerFactory     : Hibernate is in classpath; If applicable, HQL parser will be used.
2024-12-24T00:05:28.582+08:00  WARN 29900 --- [springboot-ssr-financeweb] [main] JpaBaseConfiguration$JpaWebConfiguration : spring.jpa.open-in-view is enabled by default. Therefore, database queries may be performed during view rendering. Explicitly configure spring.jpa.open-in-view to disable this warning
2024-12-24T00:05:28.610+08:00  WARN 29900 --- [springboot-ssr-financeweb] [main] .s.s.UserDetailsServiceAutoConfiguration : 

Using generated security password: 973a9bec-3548-4dd4-a7d8-1207caa66482

This generated password is for development use only. Your security configuration must be updated before running your application in production.

2024-12-24T00:05:28.615+08:00  INFO 29900 --- [springboot-ssr-financeweb] [main] r$InitializeUserDetailsManagerConfigurer : Global AuthenticationManager configured with UserDetailsService bean with name inMemoryUserDetailsManager
2024-12-24T00:05:28.709+08:00  INFO 29900 --- [springboot-ssr-financeweb] [main] o.s.b.a.w.s.WelcomePageHandlerMapping    : Adding welcome page: class path resource [static/index.html]
2024-12-24T00:05:29.092+08:00  INFO 29900 --- [springboot-ssr-financeweb] [main] o.s.b.w.embedded.tomcat.TomcatWebServer  : Tomcat started on port 8081 (http) with context path '/'
2024-12-24T00:05:29.099+08:00  INFO 29900 --- [springboot-ssr-financeweb] [main] c.e.d.SpringbootSsrFinancewebApplication : Started SpringbootSsrFinancewebApplication in 4.505 seconds (process running for 5.291)
2024-12-24T00:05:36.012+08:00  INFO 29900 --- [springboot-ssr-financeweb] [http-nio-8081-exec-1] o.a.c.c.C.[Tomcat].[localhost].[/]       : Initializing Spring DispatcherServlet 'dispatcherServlet'
2024-12-24T00:05:36.013+08:00  INFO 29900 --- [springboot-ssr-financeweb] [http-nio-8081-exec-1] o.s.web.servlet.DispatcherServlet        : Initializing Servlet 'dispatcherServlet'
2024-12-24T00:05:36.014+08:00  INFO 29900 --- [springboot-ssr-financeweb] [http-nio-8081-exec-1] o.s.web.servlet.DispatcherServlet        : Completed initialization in 1 ms
2024-12-24T00:06:32.175+08:00  INFO 29900 --- [springboot-ssr-financeweb] [RMI TCP Connection(8)-127.0.0.1] inMXBeanRegistrar$SpringApplicationAdmin : Application shutdown requested.
2024-12-24T00:06:32.188+08:00  INFO 29900 --- [springboot-ssr-financeweb] [RMI TCP Connection(8)-127.0.0.1] j.LocalContainerEntityManagerFactoryBean : Closing JPA EntityManagerFactory for persistence unit 'default'
2024-12-24T00:06:32.190+08:00  INFO 29900 --- [springboot-ssr-financeweb] [RMI TCP Connection(8)-127.0.0.1] com.zaxxer.hikari.HikariDataSource       : HikariPool-1 - Shutdown initiated...
2024-12-24T00:06:32.196+08:00  INFO 29900 --- [springboot-ssr-financeweb] [RMI TCP Connection(8)-127.0.0.1] com.zaxxer.hikari.HikariDataSource       : HikariPool-1 - Shutdown completed.
2024-12-24T00:06:34.522+08:00  INFO 29720 --- [springboot-ssr-financeweb] [main] c.e.d.SpringbootSsrFinancewebApplication : Starting SpringbootSsrFinancewebApplication using Java 21.0.4 with PID 29720 (C:\JAVA Practice\java_web\springboot-ssr-financeweb\target\classes started by jenny in C:\JAVA Practice\java_web\springboot-ssr-financeweb)
2024-12-24T00:06:34.524+08:00  INFO 29720 --- [springboot-ssr-financeweb] [main] c.e.d.SpringbootSsrFinancewebApplication : No active profile set, falling back to 1 default profile: "default"
2024-12-24T00:06:35.192+08:00  INFO 29720 --- [springboot-ssr-financeweb] [main] .s.d.r.c.RepositoryConfigurationDelegate : Bootstrapping Spring Data JPA repositories in DEFAULT mode.
2024-12-24T00:06:35.305+08:00  INFO 29720 --- [springboot-ssr-financeweb] [main] .s.d.r.c.RepositoryConfigurationDelegate : Finished Spring Data repository scanning in 106 ms. Found 9 JPA repository interfaces.
2024-12-24T00:06:35.798+08:00  INFO 29720 --- [springboot-ssr-financeweb] [main] o.s.b.w.embedded.tomcat.TomcatWebServer  : Tomcat initialized with port 8081 (http)
2024-12-24T00:06:35.813+08:00  INFO 29720 --- [springboot-ssr-financeweb] [main] o.apache.catalina.core.StandardService   : Starting service [Tomcat]
2024-12-24T00:06:35.813+08:00  INFO 29720 --- [springboot-ssr-financeweb] [main] o.apache.catalina.core.StandardEngine    : Starting Servlet engine: [Apache Tomcat/10.1.31]
2024-12-24T00:06:36.002+08:00  INFO 29720 --- [springboot-ssr-financeweb] [main] org.apache.jasper.servlet.TldScanner     : At least one JAR was scanned for TLDs yet contained no TLDs. Enable debug logging for this logger for a complete list of JARs that were scanned but no TLDs were found in them. Skipping unneeded JARs during scanning can improve startup time and JSP compilation time.
2024-12-24T00:06:36.007+08:00  INFO 29720 --- [springboot-ssr-financeweb] [main] o.a.c.c.C.[Tomcat].[localhost].[/]       : Initializing Spring embedded WebApplicationContext
2024-12-24T00:06:36.008+08:00  INFO 29720 --- [springboot-ssr-financeweb] [main] w.s.c.ServletWebServerApplicationContext : Root WebApplicationContext: initialization completed in 1440 ms
2024-12-24T00:06:36.155+08:00  INFO 29720 --- [springboot-ssr-financeweb] [main] o.hibernate.jpa.internal.util.LogHelper  : HHH000204: Processing PersistenceUnitInfo [name: default]
2024-12-24T00:06:36.194+08:00  INFO 29720 --- [springboot-ssr-financeweb] [main] org.hibernate.Version                    : HHH000412: Hibernate ORM core version 6.5.3.Final
2024-12-24T00:06:36.224+08:00  INFO 29720 --- [springboot-ssr-financeweb] [main] o.h.c.internal.RegionFactoryInitiator    : HHH000026: Second-level cache disabled
2024-12-24T00:06:36.463+08:00  INFO 29720 --- [springboot-ssr-financeweb] [main] o.s.o.j.p.SpringPersistenceUnitInfo      : No LoadTimeWeaver setup: ignoring JPA class transformer
2024-12-24T00:06:36.486+08:00  INFO 29720 --- [springboot-ssr-financeweb] [main] com.zaxxer.hikari.HikariDataSource       : HikariPool-1 - Starting...
2024-12-24T00:06:36.626+08:00  INFO 29720 --- [springboot-ssr-financeweb] [main] com.zaxxer.hikari.pool.HikariPool        : HikariPool-1 - Added connection com.mysql.cj.jdbc.ConnectionImpl@283e1759
2024-12-24T00:06:36.628+08:00  INFO 29720 --- [springboot-ssr-financeweb] [main] com.zaxxer.hikari.HikariDataSource       : HikariPool-1 - Start completed.
2024-12-24T00:06:37.683+08:00  INFO 29720 --- [springboot-ssr-financeweb] [main] o.h.e.t.j.p.i.JtaPlatformInitiator       : HHH000489: No JTA platform available (set 'hibernate.transaction.jta.platform' to enable JTA platform integration)
2024-12-24T00:06:37.793+08:00  INFO 29720 --- [springboot-ssr-financeweb] [main] j.LocalContainerEntityManagerFactoryBean : Initialized JPA EntityManagerFactory for persistence unit 'default'
2024-12-24T00:06:37.999+08:00  INFO 29720 --- [springboot-ssr-financeweb] [main] o.s.d.j.r.query.QueryEnhancerFactory     : Hibernate is in classpath; If applicable, HQL parser will be used.
2024-12-24T00:06:38.539+08:00  WARN 29720 --- [springboot-ssr-financeweb] [main] JpaBaseConfiguration$JpaWebConfiguration : spring.jpa.open-in-view is enabled by default. Therefore, database queries may be performed during view rendering. Explicitly configure spring.jpa.open-in-view to disable this warning
2024-12-24T00:06:38.566+08:00  WARN 29720 --- [springboot-ssr-financeweb] [main] .s.s.UserDetailsServiceAutoConfiguration : 

Using generated security password: c9a9c055-4261-4665-aaa5-018b58cda6fe

This generated password is for development use only. Your security configuration must be updated before running your application in production.

2024-12-24T00:06:38.570+08:00  INFO 29720 --- [springboot-ssr-financeweb] [main] r$InitializeUserDetailsManagerConfigurer : Global AuthenticationManager configured with UserDetailsService bean with name inMemoryUserDetailsManager
2024-12-24T00:06:38.654+08:00  INFO 29720 --- [springboot-ssr-financeweb] [main] o.s.b.a.w.s.WelcomePageHandlerMapping    : Adding welcome page: class path resource [static/index.html]
2024-12-24T00:06:38.986+08:00  INFO 29720 --- [springboot-ssr-financeweb] [main] o.s.b.w.embedded.tomcat.TomcatWebServer  : Tomcat started on port 8081 (http) with context path '/'
2024-12-24T00:06:38.994+08:00  INFO 29720 --- [springboot-ssr-financeweb] [main] c.e.d.SpringbootSsrFinancewebApplication : Started SpringbootSsrFinancewebApplication in 4.816 seconds (process running for 5.53)
2024-12-24T00:06:44.313+08:00  INFO 29720 --- [springboot-ssr-financeweb] [http-nio-8081-exec-1] o.a.c.c.C.[Tomcat].[localhost].[/]       : Initializing Spring DispatcherServlet 'dispatcherServlet'
2024-12-24T00:06:44.314+08:00  INFO 29720 --- [springboot-ssr-financeweb] [http-nio-8081-exec-1] o.s.web.servlet.DispatcherServlet        : Initializing Servlet 'dispatcherServlet'
2024-12-24T00:06:44.318+08:00  INFO 29720 --- [springboot-ssr-financeweb] [http-nio-8081-exec-1] o.s.web.servlet.DispatcherServlet        : Completed initialization in 4 ms
2024-12-24T00:08:46.253+08:00  INFO 29720 --- [springboot-ssr-financeweb] [RMI TCP Connection(10)-127.0.0.1] inMXBeanRegistrar$SpringApplicationAdmin : Application shutdown requested.
2024-12-24T00:08:46.264+08:00  INFO 29720 --- [springboot-ssr-financeweb] [RMI TCP Connection(10)-127.0.0.1] j.LocalContainerEntityManagerFactoryBean : Closing JPA EntityManagerFactory for persistence unit 'default'
2024-12-24T00:08:46.266+08:00  INFO 29720 --- [springboot-ssr-financeweb] [RMI TCP Connection(10)-127.0.0.1] com.zaxxer.hikari.HikariDataSource       : HikariPool-1 - Shutdown initiated...
2024-12-24T00:08:46.272+08:00  INFO 29720 --- [springboot-ssr-financeweb] [RMI TCP Connection(10)-127.0.0.1] com.zaxxer.hikari.HikariDataSource       : HikariPool-1 - Shutdown completed.
2024-12-24T00:08:48.660+08:00  INFO 16932 --- [springboot-ssr-financeweb] [main] c.e.d.SpringbootSsrFinancewebApplication : Starting SpringbootSsrFinancewebApplication using Java 21.0.4 with PID 16932 (C:\JAVA Practice\java_web\springboot-ssr-financeweb\target\classes started by jenny in C:\JAVA Practice\java_web\springboot-ssr-financeweb)
2024-12-24T00:08:48.663+08:00  INFO 16932 --- [springboot-ssr-financeweb] [main] c.e.d.SpringbootSsrFinancewebApplication : No active profile set, falling back to 1 default profile: "default"
2024-12-24T00:08:49.335+08:00  INFO 16932 --- [springboot-ssr-financeweb] [main] .s.d.r.c.RepositoryConfigurationDelegate : Bootstrapping Spring Data JPA repositories in DEFAULT mode.
2024-12-24T00:08:49.430+08:00  INFO 16932 --- [springboot-ssr-financeweb] [main] .s.d.r.c.RepositoryConfigurationDelegate : Finished Spring Data repository scanning in 89 ms. Found 9 JPA repository interfaces.
2024-12-24T00:08:49.859+08:00  INFO 16932 --- [springboot-ssr-financeweb] [main] o.s.b.w.embedded.tomcat.TomcatWebServer  : Tomcat initialized with port 8081 (http)
2024-12-24T00:08:49.873+08:00  INFO 16932 --- [springboot-ssr-financeweb] [main] o.apache.catalina.core.StandardService   : Starting service [Tomcat]
2024-12-24T00:08:49.873+08:00  INFO 16932 --- [springboot-ssr-financeweb] [main] o.apache.catalina.core.StandardEngine    : Starting Servlet engine: [Apache Tomcat/10.1.31]
2024-12-24T00:08:50.071+08:00  INFO 16932 --- [springboot-ssr-financeweb] [main] org.apache.jasper.servlet.TldScanner     : At least one JAR was scanned for TLDs yet contained no TLDs. Enable debug logging for this logger for a complete list of JARs that were scanned but no TLDs were found in them. Skipping unneeded JARs during scanning can improve startup time and JSP compilation time.
2024-12-24T00:08:50.076+08:00  INFO 16932 --- [springboot-ssr-financeweb] [main] o.a.c.c.C.[Tomcat].[localhost].[/]       : Initializing Spring embedded WebApplicationContext
2024-12-24T00:08:50.076+08:00  INFO 16932 --- [springboot-ssr-financeweb] [main] w.s.c.ServletWebServerApplicationContext : Root WebApplicationContext: initialization completed in 1371 ms
2024-12-24T00:08:50.212+08:00  INFO 16932 --- [springboot-ssr-financeweb] [main] o.hibernate.jpa.internal.util.LogHelper  : HHH000204: Processing PersistenceUnitInfo [name: default]
2024-12-24T00:08:50.264+08:00  INFO 16932 --- [springboot-ssr-financeweb] [main] org.hibernate.Version                    : HHH000412: Hibernate ORM core version 6.5.3.Final
2024-12-24T00:08:50.292+08:00  INFO 16932 --- [springboot-ssr-financeweb] [main] o.h.c.internal.RegionFactoryInitiator    : HHH000026: Second-level cache disabled
2024-12-24T00:08:50.511+08:00  INFO 16932 --- [springboot-ssr-financeweb] [main] o.s.o.j.p.SpringPersistenceUnitInfo      : No LoadTimeWeaver setup: ignoring JPA class transformer
2024-12-24T00:08:50.537+08:00  INFO 16932 --- [springboot-ssr-financeweb] [main] com.zaxxer.hikari.HikariDataSource       : HikariPool-1 - Starting...
2024-12-24T00:08:50.664+08:00  INFO 16932 --- [springboot-ssr-financeweb] [main] com.zaxxer.hikari.pool.HikariPool        : HikariPool-1 - Added connection com.mysql.cj.jdbc.ConnectionImpl@5604b85
2024-12-24T00:08:50.667+08:00  INFO 16932 --- [springboot-ssr-financeweb] [main] com.zaxxer.hikari.HikariDataSource       : HikariPool-1 - Start completed.
2024-12-24T00:08:51.703+08:00  INFO 16932 --- [springboot-ssr-financeweb] [main] o.h.e.t.j.p.i.JtaPlatformInitiator       : HHH000489: No JTA platform available (set 'hibernate.transaction.jta.platform' to enable JTA platform integration)
2024-12-24T00:08:51.804+08:00  INFO 16932 --- [springboot-ssr-financeweb] [main] j.LocalContainerEntityManagerFactoryBean : Initialized JPA EntityManagerFactory for persistence unit 'default'
2024-12-24T00:08:51.992+08:00  INFO 16932 --- [springboot-ssr-financeweb] [main] o.s.d.j.r.query.QueryEnhancerFactory     : Hibernate is in classpath; If applicable, HQL parser will be used.
2024-12-24T00:08:52.511+08:00  WARN 16932 --- [springboot-ssr-financeweb] [main] JpaBaseConfiguration$JpaWebConfiguration : spring.jpa.open-in-view is enabled by default. Therefore, database queries may be performed during view rendering. Explicitly configure spring.jpa.open-in-view to disable this warning
2024-12-24T00:08:52.541+08:00  WARN 16932 --- [springboot-ssr-financeweb] [main] .s.s.UserDetailsServiceAutoConfiguration : 

Using generated security password: d4c3aeca-f77b-46df-b951-f8327bea30f5

This generated password is for development use only. Your security configuration must be updated before running your application in production.

2024-12-24T00:08:52.545+08:00  INFO 16932 --- [springboot-ssr-financeweb] [main] r$InitializeUserDetailsManagerConfigurer : Global AuthenticationManager configured with UserDetailsService bean with name inMemoryUserDetailsManager
2024-12-24T00:08:52.635+08:00  INFO 16932 --- [springboot-ssr-financeweb] [main] o.s.b.a.w.s.WelcomePageHandlerMapping    : Adding welcome page: class path resource [static/index.html]
2024-12-24T00:08:52.991+08:00  INFO 16932 --- [springboot-ssr-financeweb] [main] o.s.b.w.embedded.tomcat.TomcatWebServer  : Tomcat started on port 8081 (http) with context path '/'
2024-12-24T00:08:53.002+08:00  INFO 16932 --- [springboot-ssr-financeweb] [main] c.e.d.SpringbootSsrFinancewebApplication : Started SpringbootSsrFinancewebApplication in 4.706 seconds (process running for 5.392)
2024-12-24T00:08:57.868+08:00  INFO 16932 --- [springboot-ssr-financeweb] [http-nio-8081-exec-1] o.a.c.c.C.[Tomcat].[localhost].[/]       : Initializing Spring DispatcherServlet 'dispatcherServlet'
2024-12-24T00:08:57.868+08:00  INFO 16932 --- [springboot-ssr-financeweb] [http-nio-8081-exec-1] o.s.web.servlet.DispatcherServlet        : Initializing Servlet 'dispatcherServlet'
2024-12-24T00:08:57.868+08:00  INFO 16932 --- [springboot-ssr-financeweb] [http-nio-8081-exec-1] o.s.web.servlet.DispatcherServlet        : Completed initialization in 0 ms
2024-12-24T00:12:15.146+08:00  INFO 16932 --- [springboot-ssr-financeweb] [RMI TCP Connection(12)-127.0.0.1] inMXBeanRegistrar$SpringApplicationAdmin : Application shutdown requested.
2024-12-24T00:12:15.157+08:00  INFO 16932 --- [springboot-ssr-financeweb] [RMI TCP Connection(12)-127.0.0.1] j.LocalContainerEntityManagerFactoryBean : Closing JPA EntityManagerFactory for persistence unit 'default'
2024-12-24T00:12:15.159+08:00  INFO 16932 --- [springboot-ssr-financeweb] [RMI TCP Connection(12)-127.0.0.1] com.zaxxer.hikari.HikariDataSource       : HikariPool-1 - Shutdown initiated...
2024-12-24T00:12:15.165+08:00  INFO 16932 --- [springboot-ssr-financeweb] [RMI TCP Connection(12)-127.0.0.1] com.zaxxer.hikari.HikariDataSource       : HikariPool-1 - Shutdown completed.
2024-12-24T00:12:17.566+08:00  INFO 29324 --- [springboot-ssr-financeweb] [main] c.e.d.SpringbootSsrFinancewebApplication : Starting SpringbootSsrFinancewebApplication using Java 21.0.4 with PID 29324 (C:\JAVA Practice\java_web\springboot-ssr-financeweb\target\classes started by jenny in C:\JAVA Practice\java_web\springboot-ssr-financeweb)
2024-12-24T00:12:17.572+08:00  INFO 29324 --- [springboot-ssr-financeweb] [main] c.e.d.SpringbootSsrFinancewebApplication : No active profile set, falling back to 1 default profile: "default"
2024-12-24T00:12:18.438+08:00  INFO 29324 --- [springboot-ssr-financeweb] [main] .s.d.r.c.RepositoryConfigurationDelegate : Bootstrapping Spring Data JPA repositories in DEFAULT mode.
2024-12-24T00:12:18.549+08:00  INFO 29324 --- [springboot-ssr-financeweb] [main] .s.d.r.c.RepositoryConfigurationDelegate : Finished Spring Data repository scanning in 104 ms. Found 9 JPA repository interfaces.
2024-12-24T00:12:19.167+08:00  INFO 29324 --- [springboot-ssr-financeweb] [main] o.s.b.w.embedded.tomcat.TomcatWebServer  : Tomcat initialized with port 8081 (http)
2024-12-24T00:12:19.186+08:00  INFO 29324 --- [springboot-ssr-financeweb] [main] o.apache.catalina.core.StandardService   : Starting service [Tomcat]
2024-12-24T00:12:19.186+08:00  INFO 29324 --- [springboot-ssr-financeweb] [main] o.apache.catalina.core.StandardEngine    : Starting Servlet engine: [Apache Tomcat/10.1.31]
2024-12-24T00:12:19.519+08:00  INFO 29324 --- [springboot-ssr-financeweb] [main] org.apache.jasper.servlet.TldScanner     : At least one JAR was scanned for TLDs yet contained no TLDs. Enable debug logging for this logger for a complete list of JARs that were scanned but no TLDs were found in them. Skipping unneeded JARs during scanning can improve startup time and JSP compilation time.
2024-12-24T00:12:19.537+08:00  INFO 29324 --- [springboot-ssr-financeweb] [main] o.a.c.c.C.[Tomcat].[localhost].[/]       : Initializing Spring embedded WebApplicationContext
2024-12-24T00:12:19.538+08:00  INFO 29324 --- [springboot-ssr-financeweb] [main] w.s.c.ServletWebServerApplicationContext : Root WebApplicationContext: initialization completed in 1911 ms
2024-12-24T00:12:19.802+08:00  INFO 29324 --- [springboot-ssr-financeweb] [main] o.hibernate.jpa.internal.util.LogHelper  : HHH000204: Processing PersistenceUnitInfo [name: default]
2024-12-24T00:12:19.889+08:00  INFO 29324 --- [springboot-ssr-financeweb] [main] org.hibernate.Version                    : HHH000412: Hibernate ORM core version 6.5.3.Final
2024-12-24T00:12:19.938+08:00  INFO 29324 --- [springboot-ssr-financeweb] [main] o.h.c.internal.RegionFactoryInitiator    : HHH000026: Second-level cache disabled
2024-12-24T00:12:20.171+08:00  INFO 29324 --- [springboot-ssr-financeweb] [main] o.s.o.j.p.SpringPersistenceUnitInfo      : No LoadTimeWeaver setup: ignoring JPA class transformer
2024-12-24T00:12:20.194+08:00  INFO 29324 --- [springboot-ssr-financeweb] [main] com.zaxxer.hikari.HikariDataSource       : HikariPool-1 - Starting...
2024-12-24T00:12:20.323+08:00  INFO 29324 --- [springboot-ssr-financeweb] [main] com.zaxxer.hikari.pool.HikariPool        : HikariPool-1 - Added connection com.mysql.cj.jdbc.ConnectionImpl@30a01dd8
2024-12-24T00:12:20.325+08:00  INFO 29324 --- [springboot-ssr-financeweb] [main] com.zaxxer.hikari.HikariDataSource       : HikariPool-1 - Start completed.
2024-12-24T00:12:21.241+08:00  INFO 29324 --- [springboot-ssr-financeweb] [main] o.h.e.t.j.p.i.JtaPlatformInitiator       : HHH000489: No JTA platform available (set 'hibernate.transaction.jta.platform' to enable JTA platform integration)
2024-12-24T00:12:21.323+08:00  INFO 29324 --- [springboot-ssr-financeweb] [main] j.LocalContainerEntityManagerFactoryBean : Initialized JPA EntityManagerFactory for persistence unit 'default'
2024-12-24T00:12:21.520+08:00  INFO 29324 --- [springboot-ssr-financeweb] [main] o.s.d.j.r.query.QueryEnhancerFactory     : Hibernate is in classpath; If applicable, HQL parser will be used.
2024-12-24T00:12:22.024+08:00  WARN 29324 --- [springboot-ssr-financeweb] [main] JpaBaseConfiguration$JpaWebConfiguration : spring.jpa.open-in-view is enabled by default. Therefore, database queries may be performed during view rendering. Explicitly configure spring.jpa.open-in-view to disable this warning
2024-12-24T00:12:22.051+08:00  WARN 29324 --- [springboot-ssr-financeweb] [main] .s.s.UserDetailsServiceAutoConfiguration : 

Using generated security password: 7611a102-d89f-44b5-be2f-937de5aa278f

This generated password is for development use only. Your security configuration must be updated before running your application in production.

2024-12-24T00:12:22.054+08:00  INFO 29324 --- [springboot-ssr-financeweb] [main] r$InitializeUserDetailsManagerConfigurer : Global AuthenticationManager configured with UserDetailsService bean with name inMemoryUserDetailsManager
2024-12-24T00:12:22.140+08:00  INFO 29324 --- [springboot-ssr-financeweb] [main] o.s.b.a.w.s.WelcomePageHandlerMapping    : Adding welcome page: class path resource [static/index.html]
2024-12-24T00:12:22.474+08:00  INFO 29324 --- [springboot-ssr-financeweb] [main] o.s.b.w.embedded.tomcat.TomcatWebServer  : Tomcat started on port 8081 (http) with context path '/'
2024-12-24T00:12:22.482+08:00  INFO 29324 --- [springboot-ssr-financeweb] [main] c.e.d.SpringbootSsrFinancewebApplication : Started SpringbootSsrFinancewebApplication in 5.313 seconds (process running for 5.992)
2024-12-24T00:12:31.447+08:00  INFO 29324 --- [springboot-ssr-financeweb] [http-nio-8081-exec-1] o.a.c.c.C.[Tomcat].[localhost].[/]       : Initializing Spring DispatcherServlet 'dispatcherServlet'
2024-12-24T00:12:31.447+08:00  INFO 29324 --- [springboot-ssr-financeweb] [http-nio-8081-exec-1] o.s.web.servlet.DispatcherServlet        : Initializing Servlet 'dispatcherServlet'
2024-12-24T00:12:31.449+08:00  INFO 29324 --- [springboot-ssr-financeweb] [http-nio-8081-exec-1] o.s.web.servlet.DispatcherServlet        : Completed initialization in 1 ms
2024-12-24T00:16:58.295+08:00  INFO 29324 --- [springboot-ssr-financeweb] [RMI TCP Connection(13)-127.0.0.1] inMXBeanRegistrar$SpringApplicationAdmin : Application shutdown requested.
2024-12-24T00:16:58.306+08:00  INFO 29324 --- [springboot-ssr-financeweb] [RMI TCP Connection(13)-127.0.0.1] j.LocalContainerEntityManagerFactoryBean : Closing JPA EntityManagerFactory for persistence unit 'default'
2024-12-24T00:16:58.307+08:00  INFO 29324 --- [springboot-ssr-financeweb] [RMI TCP Connection(13)-127.0.0.1] com.zaxxer.hikari.HikariDataSource       : HikariPool-1 - Shutdown initiated...
2024-12-24T00:16:58.317+08:00  INFO 29324 --- [springboot-ssr-financeweb] [RMI TCP Connection(13)-127.0.0.1] com.zaxxer.hikari.HikariDataSource       : HikariPool-1 - Shutdown completed.
2024-12-24T00:17:00.989+08:00  INFO 27264 --- [springboot-ssr-financeweb] [main] c.e.d.SpringbootSsrFinancewebApplication : Starting SpringbootSsrFinancewebApplication using Java 21.0.4 with PID 27264 (C:\JAVA Practice\java_web\springboot-ssr-financeweb\target\classes started by jenny in C:\JAVA Practice\java_web\springboot-ssr-financeweb)
2024-12-24T00:17:00.993+08:00  INFO 27264 --- [springboot-ssr-financeweb] [main] c.e.d.SpringbootSsrFinancewebApplication : No active profile set, falling back to 1 default profile: "default"
2024-12-24T00:17:01.813+08:00  INFO 27264 --- [springboot-ssr-financeweb] [main] .s.d.r.c.RepositoryConfigurationDelegate : Bootstrapping Spring Data JPA repositories in DEFAULT mode.
2024-12-24T00:17:01.935+08:00  INFO 27264 --- [springboot-ssr-financeweb] [main] .s.d.r.c.RepositoryConfigurationDelegate : Finished Spring Data repository scanning in 112 ms. Found 9 JPA repository interfaces.
2024-12-24T00:17:02.564+08:00  INFO 27264 --- [springboot-ssr-financeweb] [main] o.s.b.w.embedded.tomcat.TomcatWebServer  : Tomcat initialized with port 8081 (http)
2024-12-24T00:17:02.586+08:00  INFO 27264 --- [springboot-ssr-financeweb] [main] o.apache.catalina.core.StandardService   : Starting service [Tomcat]
2024-12-24T00:17:02.587+08:00  INFO 27264 --- [springboot-ssr-financeweb] [main] o.apache.catalina.core.StandardEngine    : Starting Servlet engine: [Apache Tomcat/10.1.31]
2024-12-24T00:17:02.936+08:00  INFO 27264 --- [springboot-ssr-financeweb] [main] org.apache.jasper.servlet.TldScanner     : At least one JAR was scanned for TLDs yet contained no TLDs. Enable debug logging for this logger for a complete list of JARs that were scanned but no TLDs were found in them. Skipping unneeded JARs during scanning can improve startup time and JSP compilation time.
2024-12-24T00:17:02.946+08:00  INFO 27264 --- [springboot-ssr-financeweb] [main] o.a.c.c.C.[Tomcat].[localhost].[/]       : Initializing Spring embedded WebApplicationContext
2024-12-24T00:17:02.946+08:00  INFO 27264 --- [springboot-ssr-financeweb] [main] w.s.c.ServletWebServerApplicationContext : Root WebApplicationContext: initialization completed in 1908 ms
2024-12-24T00:17:03.172+08:00  INFO 27264 --- [springboot-ssr-financeweb] [main] o.hibernate.jpa.internal.util.LogHelper  : HHH000204: Processing PersistenceUnitInfo [name: default]
2024-12-24T00:17:03.224+08:00  INFO 27264 --- [springboot-ssr-financeweb] [main] org.hibernate.Version                    : HHH000412: Hibernate ORM core version 6.5.3.Final
2024-12-24T00:17:03.252+08:00  INFO 27264 --- [springboot-ssr-financeweb] [main] o.h.c.internal.RegionFactoryInitiator    : HHH000026: Second-level cache disabled
2024-12-24T00:17:03.470+08:00  INFO 27264 --- [springboot-ssr-financeweb] [main] o.s.o.j.p.SpringPersistenceUnitInfo      : No LoadTimeWeaver setup: ignoring JPA class transformer
2024-12-24T00:17:03.497+08:00  INFO 27264 --- [springboot-ssr-financeweb] [main] com.zaxxer.hikari.HikariDataSource       : HikariPool-1 - Starting...
2024-12-24T00:17:03.625+08:00  INFO 27264 --- [springboot-ssr-financeweb] [main] com.zaxxer.hikari.pool.HikariPool        : HikariPool-1 - Added connection com.mysql.cj.jdbc.ConnectionImpl@30a01dd8
2024-12-24T00:17:03.628+08:00  INFO 27264 --- [springboot-ssr-financeweb] [main] com.zaxxer.hikari.HikariDataSource       : HikariPool-1 - Start completed.
2024-12-24T00:17:04.515+08:00  INFO 27264 --- [springboot-ssr-financeweb] [main] o.h.e.t.j.p.i.JtaPlatformInitiator       : HHH000489: No JTA platform available (set 'hibernate.transaction.jta.platform' to enable JTA platform integration)
2024-12-24T00:17:04.596+08:00  INFO 27264 --- [springboot-ssr-financeweb] [main] j.LocalContainerEntityManagerFactoryBean : Initialized JPA EntityManagerFactory for persistence unit 'default'
2024-12-24T00:17:04.782+08:00  INFO 27264 --- [springboot-ssr-financeweb] [main] o.s.d.j.r.query.QueryEnhancerFactory     : Hibernate is in classpath; If applicable, HQL parser will be used.
2024-12-24T00:17:05.297+08:00  WARN 27264 --- [springboot-ssr-financeweb] [main] JpaBaseConfiguration$JpaWebConfiguration : spring.jpa.open-in-view is enabled by default. Therefore, database queries may be performed during view rendering. Explicitly configure spring.jpa.open-in-view to disable this warning
2024-12-24T00:17:05.327+08:00  WARN 27264 --- [springboot-ssr-financeweb] [main] .s.s.UserDetailsServiceAutoConfiguration : 

Using generated security password: 763e17c5-40df-44e2-9f25-bd4c474173b5

This generated password is for development use only. Your security configuration must be updated before running your application in production.

2024-12-24T00:17:05.331+08:00  INFO 27264 --- [springboot-ssr-financeweb] [main] r$InitializeUserDetailsManagerConfigurer : Global AuthenticationManager configured with UserDetailsService bean with name inMemoryUserDetailsManager
2024-12-24T00:17:05.411+08:00  INFO 27264 --- [springboot-ssr-financeweb] [main] o.s.b.a.w.s.WelcomePageHandlerMapping    : Adding welcome page: class path resource [static/index.html]
2024-12-24T00:17:05.798+08:00  INFO 27264 --- [springboot-ssr-financeweb] [main] o.s.b.w.embedded.tomcat.TomcatWebServer  : Tomcat started on port 8081 (http) with context path '/'
2024-12-24T00:17:05.807+08:00  INFO 27264 --- [springboot-ssr-financeweb] [main] c.e.d.SpringbootSsrFinancewebApplication : Started SpringbootSsrFinancewebApplication in 5.247 seconds (process running for 5.948)
2024-12-24T00:17:11.278+08:00  INFO 27264 --- [springboot-ssr-financeweb] [http-nio-8081-exec-1] o.a.c.c.C.[Tomcat].[localhost].[/]       : Initializing Spring DispatcherServlet 'dispatcherServlet'
2024-12-24T00:17:11.278+08:00  INFO 27264 --- [springboot-ssr-financeweb] [http-nio-8081-exec-1] o.s.web.servlet.DispatcherServlet        : Initializing Servlet 'dispatcherServlet'
2024-12-24T00:17:11.279+08:00  INFO 27264 --- [springboot-ssr-financeweb] [http-nio-8081-exec-1] o.s.web.servlet.DispatcherServlet        : Completed initialization in 1 ms
2024-12-24T00:19:05.466+08:00  INFO 27264 --- [springboot-ssr-financeweb] [RMI TCP Connection(10)-127.0.0.1] inMXBeanRegistrar$SpringApplicationAdmin : Application shutdown requested.
2024-12-24T00:19:05.482+08:00  INFO 27264 --- [springboot-ssr-financeweb] [RMI TCP Connection(10)-127.0.0.1] j.LocalContainerEntityManagerFactoryBean : Closing JPA EntityManagerFactory for persistence unit 'default'
2024-12-24T00:19:05.482+08:00  INFO 27264 --- [springboot-ssr-financeweb] [RMI TCP Connection(10)-127.0.0.1] com.zaxxer.hikari.HikariDataSource       : HikariPool-1 - Shutdown initiated...
2024-12-24T00:19:05.498+08:00  INFO 27264 --- [springboot-ssr-financeweb] [RMI TCP Connection(10)-127.0.0.1] com.zaxxer.hikari.HikariDataSource       : HikariPool-1 - Shutdown completed.
2024-12-24T00:19:07.855+08:00  INFO 28152 --- [springboot-ssr-financeweb] [main] c.e.d.SpringbootSsrFinancewebApplication : Starting SpringbootSsrFinancewebApplication using Java 21.0.4 with PID 28152 (C:\JAVA Practice\java_web\springboot-ssr-financeweb\target\classes started by jenny in C:\JAVA Practice\java_web\springboot-ssr-financeweb)
2024-12-24T00:19:07.855+08:00  INFO 28152 --- [springboot-ssr-financeweb] [main] c.e.d.SpringbootSsrFinancewebApplication : No active profile set, falling back to 1 default profile: "default"
2024-12-24T00:19:08.523+08:00  INFO 28152 --- [springboot-ssr-financeweb] [main] .s.d.r.c.RepositoryConfigurationDelegate : Bootstrapping Spring Data JPA repositories in DEFAULT mode.
2024-12-24T00:19:08.641+08:00  INFO 28152 --- [springboot-ssr-financeweb] [main] .s.d.r.c.RepositoryConfigurationDelegate : Finished Spring Data repository scanning in 100 ms. Found 9 JPA repository interfaces.
2024-12-24T00:19:09.107+08:00  INFO 28152 --- [springboot-ssr-financeweb] [main] o.s.b.w.embedded.tomcat.TomcatWebServer  : Tomcat initialized with port 8081 (http)
2024-12-24T00:19:09.121+08:00  INFO 28152 --- [springboot-ssr-financeweb] [main] o.apache.catalina.core.StandardService   : Starting service [Tomcat]
2024-12-24T00:19:09.121+08:00  INFO 28152 --- [springboot-ssr-financeweb] [main] o.apache.catalina.core.StandardEngine    : Starting Servlet engine: [Apache Tomcat/10.1.31]
2024-12-24T00:19:09.313+08:00  INFO 28152 --- [springboot-ssr-financeweb] [main] org.apache.jasper.servlet.TldScanner     : At least one JAR was scanned for TLDs yet contained no TLDs. Enable debug logging for this logger for a complete list of JARs that were scanned but no TLDs were found in them. Skipping unneeded JARs during scanning can improve startup time and JSP compilation time.
2024-12-24T00:19:09.317+08:00  INFO 28152 --- [springboot-ssr-financeweb] [main] o.a.c.c.C.[Tomcat].[localhost].[/]       : Initializing Spring embedded WebApplicationContext
2024-12-24T00:19:09.317+08:00  INFO 28152 --- [springboot-ssr-financeweb] [main] w.s.c.ServletWebServerApplicationContext : Root WebApplicationContext: initialization completed in 1418 ms
2024-12-24T00:19:09.464+08:00  INFO 28152 --- [springboot-ssr-financeweb] [main] o.hibernate.jpa.internal.util.LogHelper  : HHH000204: Processing PersistenceUnitInfo [name: default]
2024-12-24T00:19:09.508+08:00  INFO 28152 --- [springboot-ssr-financeweb] [main] org.hibernate.Version                    : HHH000412: Hibernate ORM core version 6.5.3.Final
2024-12-24T00:19:09.535+08:00  INFO 28152 --- [springboot-ssr-financeweb] [main] o.h.c.internal.RegionFactoryInitiator    : HHH000026: Second-level cache disabled
2024-12-24T00:19:09.739+08:00  INFO 28152 --- [springboot-ssr-financeweb] [main] o.s.o.j.p.SpringPersistenceUnitInfo      : No LoadTimeWeaver setup: ignoring JPA class transformer
2024-12-24T00:19:09.764+08:00  INFO 28152 --- [springboot-ssr-financeweb] [main] com.zaxxer.hikari.HikariDataSource       : HikariPool-1 - Starting...
2024-12-24T00:19:09.881+08:00  INFO 28152 --- [springboot-ssr-financeweb] [main] com.zaxxer.hikari.pool.HikariPool        : HikariPool-1 - Added connection com.mysql.cj.jdbc.ConnectionImpl@77e6761f
2024-12-24T00:19:09.893+08:00  INFO 28152 --- [springboot-ssr-financeweb] [main] com.zaxxer.hikari.HikariDataSource       : HikariPool-1 - Start completed.
2024-12-24T00:19:10.807+08:00  INFO 28152 --- [springboot-ssr-financeweb] [main] o.h.e.t.j.p.i.JtaPlatformInitiator       : HHH000489: No JTA platform available (set 'hibernate.transaction.jta.platform' to enable JTA platform integration)
2024-12-24T00:19:10.889+08:00  INFO 28152 --- [springboot-ssr-financeweb] [main] j.LocalContainerEntityManagerFactoryBean : Initialized JPA EntityManagerFactory for persistence unit 'default'
2024-12-24T00:19:11.069+08:00  INFO 28152 --- [springboot-ssr-financeweb] [main] o.s.d.j.r.query.QueryEnhancerFactory     : Hibernate is in classpath; If applicable, HQL parser will be used.
2024-12-24T00:19:11.586+08:00  WARN 28152 --- [springboot-ssr-financeweb] [main] JpaBaseConfiguration$JpaWebConfiguration : spring.jpa.open-in-view is enabled by default. Therefore, database queries may be performed during view rendering. Explicitly configure spring.jpa.open-in-view to disable this warning
2024-12-24T00:19:11.622+08:00  WARN 28152 --- [springboot-ssr-financeweb] [main] .s.s.UserDetailsServiceAutoConfiguration : 

Using generated security password: fa16ea93-bd7f-4dad-b763-5dcb3978d84e

This generated password is for development use only. Your security configuration must be updated before running your application in production.

2024-12-24T00:19:11.628+08:00  INFO 28152 --- [springboot-ssr-financeweb] [main] r$InitializeUserDetailsManagerConfigurer : Global AuthenticationManager configured with UserDetailsService bean with name inMemoryUserDetailsManager
2024-12-24T00:19:11.730+08:00  INFO 28152 --- [springboot-ssr-financeweb] [main] o.s.b.a.w.s.WelcomePageHandlerMapping    : Adding welcome page: class path resource [static/index.html]
2024-12-24T00:19:12.063+08:00  INFO 28152 --- [springboot-ssr-financeweb] [main] o.s.b.w.embedded.tomcat.TomcatWebServer  : Tomcat started on port 8081 (http) with context path '/'
2024-12-24T00:19:12.072+08:00  INFO 28152 --- [springboot-ssr-financeweb] [main] c.e.d.SpringbootSsrFinancewebApplication : Started SpringbootSsrFinancewebApplication in 4.582 seconds (process running for 5.241)
2024-12-24T00:19:13.288+08:00  INFO 28152 --- [springboot-ssr-financeweb] [RMI TCP Connection(6)-127.0.0.1] inMXBeanRegistrar$SpringApplicationAdmin : Application shutdown requested.
2024-12-24T00:19:13.300+08:00  INFO 28152 --- [springboot-ssr-financeweb] [RMI TCP Connection(6)-127.0.0.1] j.LocalContainerEntityManagerFactoryBean : Closing JPA EntityManagerFactory for persistence unit 'default'
2024-12-24T00:19:13.302+08:00  INFO 28152 --- [springboot-ssr-financeweb] [RMI TCP Connection(6)-127.0.0.1] com.zaxxer.hikari.HikariDataSource       : HikariPool-1 - Shutdown initiated...
2024-12-24T00:19:13.309+08:00  INFO 28152 --- [springboot-ssr-financeweb] [RMI TCP Connection(6)-127.0.0.1] com.zaxxer.hikari.HikariDataSource       : HikariPool-1 - Shutdown completed.
2024-12-24T00:19:16.037+08:00  INFO 28676 --- [springboot-ssr-financeweb] [main] c.e.d.SpringbootSsrFinancewebApplication : Starting SpringbootSsrFinancewebApplication using Java 21.0.4 with PID 28676 (C:\JAVA Practice\java_web\springboot-ssr-financeweb\target\classes started by jenny in C:\JAVA Practice\java_web\springboot-ssr-financeweb)
2024-12-24T00:19:16.040+08:00  INFO 28676 --- [springboot-ssr-financeweb] [main] c.e.d.SpringbootSsrFinancewebApplication : No active profile set, falling back to 1 default profile: "default"
2024-12-24T00:19:17.093+08:00  INFO 28676 --- [springboot-ssr-financeweb] [main] .s.d.r.c.RepositoryConfigurationDelegate : Bootstrapping Spring Data JPA repositories in DEFAULT mode.
2024-12-24T00:19:17.204+08:00  INFO 28676 --- [springboot-ssr-financeweb] [main] .s.d.r.c.RepositoryConfigurationDelegate : Finished Spring Data repository scanning in 103 ms. Found 9 JPA repository interfaces.
2024-12-24T00:19:17.646+08:00  INFO 28676 --- [springboot-ssr-financeweb] [main] o.s.b.w.embedded.tomcat.TomcatWebServer  : Tomcat initialized with port 8081 (http)
2024-12-24T00:19:17.658+08:00  INFO 28676 --- [springboot-ssr-financeweb] [main] o.apache.catalina.core.StandardService   : Starting service [Tomcat]
2024-12-24T00:19:17.659+08:00  INFO 28676 --- [springboot-ssr-financeweb] [main] o.apache.catalina.core.StandardEngine    : Starting Servlet engine: [Apache Tomcat/10.1.31]
2024-12-24T00:19:17.856+08:00  INFO 28676 --- [springboot-ssr-financeweb] [main] org.apache.jasper.servlet.TldScanner     : At least one JAR was scanned for TLDs yet contained no TLDs. Enable debug logging for this logger for a complete list of JARs that were scanned but no TLDs were found in them. Skipping unneeded JARs during scanning can improve startup time and JSP compilation time.
2024-12-24T00:19:17.861+08:00  INFO 28676 --- [springboot-ssr-financeweb] [main] o.a.c.c.C.[Tomcat].[localhost].[/]       : Initializing Spring embedded WebApplicationContext
2024-12-24T00:19:17.861+08:00  INFO 28676 --- [springboot-ssr-financeweb] [main] w.s.c.ServletWebServerApplicationContext : Root WebApplicationContext: initialization completed in 1775 ms
2024-12-24T00:19:18.004+08:00  INFO 28676 --- [springboot-ssr-financeweb] [main] o.hibernate.jpa.internal.util.LogHelper  : HHH000204: Processing PersistenceUnitInfo [name: default]
2024-12-24T00:19:18.050+08:00  INFO 28676 --- [springboot-ssr-financeweb] [main] org.hibernate.Version                    : HHH000412: Hibernate ORM core version 6.5.3.Final
2024-12-24T00:19:18.078+08:00  INFO 28676 --- [springboot-ssr-financeweb] [main] o.h.c.internal.RegionFactoryInitiator    : HHH000026: Second-level cache disabled
2024-12-24T00:19:18.330+08:00  INFO 28676 --- [springboot-ssr-financeweb] [main] o.s.o.j.p.SpringPersistenceUnitInfo      : No LoadTimeWeaver setup: ignoring JPA class transformer
2024-12-24T00:19:18.353+08:00  INFO 28676 --- [springboot-ssr-financeweb] [main] com.zaxxer.hikari.HikariDataSource       : HikariPool-1 - Starting...
2024-12-24T00:19:18.485+08:00  INFO 28676 --- [springboot-ssr-financeweb] [main] com.zaxxer.hikari.pool.HikariPool        : HikariPool-1 - Added connection com.mysql.cj.jdbc.ConnectionImpl@351ede23
2024-12-24T00:19:18.488+08:00  INFO 28676 --- [springboot-ssr-financeweb] [main] com.zaxxer.hikari.HikariDataSource       : HikariPool-1 - Start completed.
2024-12-24T00:19:19.375+08:00  INFO 28676 --- [springboot-ssr-financeweb] [main] o.h.e.t.j.p.i.JtaPlatformInitiator       : HHH000489: No JTA platform available (set 'hibernate.transaction.jta.platform' to enable JTA platform integration)
2024-12-24T00:19:19.452+08:00  INFO 28676 --- [springboot-ssr-financeweb] [main] j.LocalContainerEntityManagerFactoryBean : Initialized JPA EntityManagerFactory for persistence unit 'default'
2024-12-24T00:19:19.619+08:00  INFO 28676 --- [springboot-ssr-financeweb] [main] o.s.d.j.r.query.QueryEnhancerFactory     : Hibernate is in classpath; If applicable, HQL parser will be used.
2024-12-24T00:19:20.168+08:00  WARN 28676 --- [springboot-ssr-financeweb] [main] JpaBaseConfiguration$JpaWebConfiguration : spring.jpa.open-in-view is enabled by default. Therefore, database queries may be performed during view rendering. Explicitly configure spring.jpa.open-in-view to disable this warning
2024-12-24T00:19:20.197+08:00  WARN 28676 --- [springboot-ssr-financeweb] [main] .s.s.UserDetailsServiceAutoConfiguration : 

Using generated security password: c22cb7bb-c8e4-4c5a-b301-d014ec63d806

This generated password is for development use only. Your security configuration must be updated before running your application in production.

2024-12-24T00:19:20.201+08:00  INFO 28676 --- [springboot-ssr-financeweb] [main] r$InitializeUserDetailsManagerConfigurer : Global AuthenticationManager configured with UserDetailsService bean with name inMemoryUserDetailsManager
2024-12-24T00:19:20.289+08:00  INFO 28676 --- [springboot-ssr-financeweb] [main] o.s.b.a.w.s.WelcomePageHandlerMapping    : Adding welcome page: class path resource [static/index.html]
2024-12-24T00:19:20.646+08:00  INFO 28676 --- [springboot-ssr-financeweb] [main] o.s.b.w.embedded.tomcat.TomcatWebServer  : Tomcat started on port 8081 (http) with context path '/'
2024-12-24T00:19:20.653+08:00  INFO 28676 --- [springboot-ssr-financeweb] [main] c.e.d.SpringbootSsrFinancewebApplication : Started SpringbootSsrFinancewebApplication in 5.058 seconds (process running for 5.813)
2024-12-24T00:19:26.633+08:00  INFO 28676 --- [springboot-ssr-financeweb] [http-nio-8081-exec-1] o.a.c.c.C.[Tomcat].[localhost].[/]       : Initializing Spring DispatcherServlet 'dispatcherServlet'
2024-12-24T00:19:26.634+08:00  INFO 28676 --- [springboot-ssr-financeweb] [http-nio-8081-exec-1] o.s.web.servlet.DispatcherServlet        : Initializing Servlet 'dispatcherServlet'
2024-12-24T00:19:26.635+08:00  INFO 28676 --- [springboot-ssr-financeweb] [http-nio-8081-exec-1] o.s.web.servlet.DispatcherServlet        : Completed initialization in 1 ms
2024-12-24T00:20:32.052+08:00  INFO 28676 --- [springboot-ssr-financeweb] [RMI TCP Connection(11)-127.0.0.1] inMXBeanRegistrar$SpringApplicationAdmin : Application shutdown requested.
2024-12-24T00:20:32.064+08:00  INFO 28676 --- [springboot-ssr-financeweb] [RMI TCP Connection(11)-127.0.0.1] j.LocalContainerEntityManagerFactoryBean : Closing JPA EntityManagerFactory for persistence unit 'default'
2024-12-24T00:20:32.066+08:00  INFO 28676 --- [springboot-ssr-financeweb] [RMI TCP Connection(11)-127.0.0.1] com.zaxxer.hikari.HikariDataSource       : HikariPool-1 - Shutdown initiated...
2024-12-24T00:20:32.074+08:00  INFO 28676 --- [springboot-ssr-financeweb] [RMI TCP Connection(11)-127.0.0.1] com.zaxxer.hikari.HikariDataSource       : HikariPool-1 - Shutdown completed.
2024-12-24T00:20:34.355+08:00  INFO 30128 --- [springboot-ssr-financeweb] [main] c.e.d.SpringbootSsrFinancewebApplication : Starting SpringbootSsrFinancewebApplication using Java 21.0.4 with PID 30128 (C:\JAVA Practice\java_web\springboot-ssr-financeweb\target\classes started by jenny in C:\JAVA Practice\java_web\springboot-ssr-financeweb)
2024-12-24T00:20:34.357+08:00  INFO 30128 --- [springboot-ssr-financeweb] [main] c.e.d.SpringbootSsrFinancewebApplication : No active profile set, falling back to 1 default profile: "default"
2024-12-24T00:20:35.074+08:00  INFO 30128 --- [springboot-ssr-financeweb] [main] .s.d.r.c.RepositoryConfigurationDelegate : Bootstrapping Spring Data JPA repositories in DEFAULT mode.
2024-12-24T00:20:35.162+08:00  INFO 30128 --- [springboot-ssr-financeweb] [main] .s.d.r.c.RepositoryConfigurationDelegate : Finished Spring Data repository scanning in 83 ms. Found 9 JPA repository interfaces.
2024-12-24T00:20:35.635+08:00  INFO 30128 --- [springboot-ssr-financeweb] [main] o.s.b.w.embedded.tomcat.TomcatWebServer  : Tomcat initialized with port 8081 (http)
2024-12-24T00:20:35.650+08:00  INFO 30128 --- [springboot-ssr-financeweb] [main] o.apache.catalina.core.StandardService   : Starting service [Tomcat]
2024-12-24T00:20:35.651+08:00  INFO 30128 --- [springboot-ssr-financeweb] [main] o.apache.catalina.core.StandardEngine    : Starting Servlet engine: [Apache Tomcat/10.1.31]
2024-12-24T00:20:35.853+08:00  INFO 30128 --- [springboot-ssr-financeweb] [main] org.apache.jasper.servlet.TldScanner     : At least one JAR was scanned for TLDs yet contained no TLDs. Enable debug logging for this logger for a complete list of JARs that were scanned but no TLDs were found in them. Skipping unneeded JARs during scanning can improve startup time and JSP compilation time.
2024-12-24T00:20:35.858+08:00  INFO 30128 --- [springboot-ssr-financeweb] [main] o.a.c.c.C.[Tomcat].[localhost].[/]       : Initializing Spring embedded WebApplicationContext
2024-12-24T00:20:35.858+08:00  INFO 30128 --- [springboot-ssr-financeweb] [main] w.s.c.ServletWebServerApplicationContext : Root WebApplicationContext: initialization completed in 1456 ms
2024-12-24T00:20:36.022+08:00  INFO 30128 --- [springboot-ssr-financeweb] [main] o.hibernate.jpa.internal.util.LogHelper  : HHH000204: Processing PersistenceUnitInfo [name: default]
2024-12-24T00:20:36.090+08:00  INFO 30128 --- [springboot-ssr-financeweb] [main] org.hibernate.Version                    : HHH000412: Hibernate ORM core version 6.5.3.Final
2024-12-24T00:20:36.142+08:00  INFO 30128 --- [springboot-ssr-financeweb] [main] o.h.c.internal.RegionFactoryInitiator    : HHH000026: Second-level cache disabled
2024-12-24T00:20:36.433+08:00  INFO 30128 --- [springboot-ssr-financeweb] [main] o.s.o.j.p.SpringPersistenceUnitInfo      : No LoadTimeWeaver setup: ignoring JPA class transformer
2024-12-24T00:20:36.461+08:00  INFO 30128 --- [springboot-ssr-financeweb] [main] com.zaxxer.hikari.HikariDataSource       : HikariPool-1 - Starting...
2024-12-24T00:20:36.609+08:00  INFO 30128 --- [springboot-ssr-financeweb] [main] com.zaxxer.hikari.pool.HikariPool        : HikariPool-1 - Added connection com.mysql.cj.jdbc.ConnectionImpl@283e1759
2024-12-24T00:20:36.611+08:00  INFO 30128 --- [springboot-ssr-financeweb] [main] com.zaxxer.hikari.HikariDataSource       : HikariPool-1 - Start completed.
2024-12-24T00:20:37.606+08:00  INFO 30128 --- [springboot-ssr-financeweb] [main] o.h.e.t.j.p.i.JtaPlatformInitiator       : HHH000489: No JTA platform available (set 'hibernate.transaction.jta.platform' to enable JTA platform integration)
2024-12-24T00:20:37.687+08:00  INFO 30128 --- [springboot-ssr-financeweb] [main] j.LocalContainerEntityManagerFactoryBean : Initialized JPA EntityManagerFactory for persistence unit 'default'
2024-12-24T00:20:37.855+08:00  INFO 30128 --- [springboot-ssr-financeweb] [main] o.s.d.j.r.query.QueryEnhancerFactory     : Hibernate is in classpath; If applicable, HQL parser will be used.
2024-12-24T00:20:38.363+08:00  WARN 30128 --- [springboot-ssr-financeweb] [main] JpaBaseConfiguration$JpaWebConfiguration : spring.jpa.open-in-view is enabled by default. Therefore, database queries may be performed during view rendering. Explicitly configure spring.jpa.open-in-view to disable this warning
2024-12-24T00:20:38.391+08:00  WARN 30128 --- [springboot-ssr-financeweb] [main] .s.s.UserDetailsServiceAutoConfiguration : 

Using generated security password: e425cd0c-dc39-4d06-891c-ef860ad43900

This generated password is for development use only. Your security configuration must be updated before running your application in production.

2024-12-24T00:20:38.396+08:00  INFO 30128 --- [springboot-ssr-financeweb] [main] r$InitializeUserDetailsManagerConfigurer : Global AuthenticationManager configured with UserDetailsService bean with name inMemoryUserDetailsManager
2024-12-24T00:20:38.475+08:00  INFO 30128 --- [springboot-ssr-financeweb] [main] o.s.b.a.w.s.WelcomePageHandlerMapping    : Adding welcome page: class path resource [static/index.html]
2024-12-24T00:20:38.815+08:00  INFO 30128 --- [springboot-ssr-financeweb] [main] o.s.b.w.embedded.tomcat.TomcatWebServer  : Tomcat started on port 8081 (http) with context path '/'
2024-12-24T00:20:38.822+08:00  INFO 30128 --- [springboot-ssr-financeweb] [main] c.e.d.SpringbootSsrFinancewebApplication : Started SpringbootSsrFinancewebApplication in 4.805 seconds (process running for 5.472)
2024-12-24T00:20:40.164+08:00  INFO 30128 --- [springboot-ssr-financeweb] [http-nio-8081-exec-1] o.a.c.c.C.[Tomcat].[localhost].[/]       : Initializing Spring DispatcherServlet 'dispatcherServlet'
2024-12-24T00:20:40.165+08:00  INFO 30128 --- [springboot-ssr-financeweb] [http-nio-8081-exec-1] o.s.web.servlet.DispatcherServlet        : Initializing Servlet 'dispatcherServlet'
2024-12-24T00:20:40.167+08:00  INFO 30128 --- [springboot-ssr-financeweb] [http-nio-8081-exec-1] o.s.web.servlet.DispatcherServlet        : Completed initialization in 1 ms
2024-12-24T00:26:05.101+08:00  INFO 30128 --- [springboot-ssr-financeweb] [RMI TCP Connection(13)-127.0.0.1] inMXBeanRegistrar$SpringApplicationAdmin : Application shutdown requested.
2024-12-24T00:26:05.113+08:00  INFO 30128 --- [springboot-ssr-financeweb] [RMI TCP Connection(13)-127.0.0.1] j.LocalContainerEntityManagerFactoryBean : Closing JPA EntityManagerFactory for persistence unit 'default'
2024-12-24T00:26:05.115+08:00  INFO 30128 --- [springboot-ssr-financeweb] [RMI TCP Connection(13)-127.0.0.1] com.zaxxer.hikari.HikariDataSource       : HikariPool-1 - Shutdown initiated...
2024-12-24T00:26:05.123+08:00  INFO 30128 --- [springboot-ssr-financeweb] [RMI TCP Connection(13)-127.0.0.1] com.zaxxer.hikari.HikariDataSource       : HikariPool-1 - Shutdown completed.
2024-12-24T00:26:07.625+08:00  INFO 26176 --- [springboot-ssr-financeweb] [main] c.e.d.SpringbootSsrFinancewebApplication : Starting SpringbootSsrFinancewebApplication using Java 21.0.4 with PID 26176 (C:\JAVA Practice\java_web\springboot-ssr-financeweb\target\classes started by jenny in C:\JAVA Practice\java_web\springboot-ssr-financeweb)
2024-12-24T00:26:07.628+08:00  INFO 26176 --- [springboot-ssr-financeweb] [main] c.e.d.SpringbootSsrFinancewebApplication : No active profile set, falling back to 1 default profile: "default"
2024-12-24T00:26:08.455+08:00  INFO 26176 --- [springboot-ssr-financeweb] [main] .s.d.r.c.RepositoryConfigurationDelegate : Bootstrapping Spring Data JPA repositories in DEFAULT mode.
2024-12-24T00:26:08.586+08:00  INFO 26176 --- [springboot-ssr-financeweb] [main] .s.d.r.c.RepositoryConfigurationDelegate : Finished Spring Data repository scanning in 121 ms. Found 9 JPA repository interfaces.
2024-12-24T00:26:09.228+08:00  INFO 26176 --- [springboot-ssr-financeweb] [main] o.s.b.w.embedded.tomcat.TomcatWebServer  : Tomcat initialized with port 8081 (http)
2024-12-24T00:26:09.279+08:00  INFO 26176 --- [springboot-ssr-financeweb] [main] o.apache.catalina.core.StandardService   : Starting service [Tomcat]
2024-12-24T00:26:09.279+08:00  INFO 26176 --- [springboot-ssr-financeweb] [main] o.apache.catalina.core.StandardEngine    : Starting Servlet engine: [Apache Tomcat/10.1.31]
2024-12-24T00:26:09.646+08:00  INFO 26176 --- [springboot-ssr-financeweb] [main] org.apache.jasper.servlet.TldScanner     : At least one JAR was scanned for TLDs yet contained no TLDs. Enable debug logging for this logger for a complete list of JARs that were scanned but no TLDs were found in them. Skipping unneeded JARs during scanning can improve startup time and JSP compilation time.
2024-12-24T00:26:09.656+08:00  INFO 26176 --- [springboot-ssr-financeweb] [main] o.a.c.c.C.[Tomcat].[localhost].[/]       : Initializing Spring embedded WebApplicationContext
2024-12-24T00:26:09.658+08:00  INFO 26176 --- [springboot-ssr-financeweb] [main] w.s.c.ServletWebServerApplicationContext : Root WebApplicationContext: initialization completed in 1977 ms
2024-12-24T00:26:09.870+08:00  INFO 26176 --- [springboot-ssr-financeweb] [main] o.hibernate.jpa.internal.util.LogHelper  : HHH000204: Processing PersistenceUnitInfo [name: default]
2024-12-24T00:26:09.917+08:00  INFO 26176 --- [springboot-ssr-financeweb] [main] org.hibernate.Version                    : HHH000412: Hibernate ORM core version 6.5.3.Final
2024-12-24T00:26:09.946+08:00  INFO 26176 --- [springboot-ssr-financeweb] [main] o.h.c.internal.RegionFactoryInitiator    : HHH000026: Second-level cache disabled
2024-12-24T00:26:10.149+08:00  INFO 26176 --- [springboot-ssr-financeweb] [main] o.s.o.j.p.SpringPersistenceUnitInfo      : No LoadTimeWeaver setup: ignoring JPA class transformer
2024-12-24T00:26:10.173+08:00  INFO 26176 --- [springboot-ssr-financeweb] [main] com.zaxxer.hikari.HikariDataSource       : HikariPool-1 - Starting...
2024-12-24T00:26:10.303+08:00  INFO 26176 --- [springboot-ssr-financeweb] [main] com.zaxxer.hikari.pool.HikariPool        : HikariPool-1 - Added connection com.mysql.cj.jdbc.ConnectionImpl@5df7a065
2024-12-24T00:26:10.304+08:00  INFO 26176 --- [springboot-ssr-financeweb] [main] com.zaxxer.hikari.HikariDataSource       : HikariPool-1 - Start completed.
2024-12-24T00:26:11.253+08:00  INFO 26176 --- [springboot-ssr-financeweb] [main] o.h.e.t.j.p.i.JtaPlatformInitiator       : HHH000489: No JTA platform available (set 'hibernate.transaction.jta.platform' to enable JTA platform integration)
2024-12-24T00:26:11.341+08:00  INFO 26176 --- [springboot-ssr-financeweb] [main] j.LocalContainerEntityManagerFactoryBean : Initialized JPA EntityManagerFactory for persistence unit 'default'
2024-12-24T00:26:11.523+08:00  INFO 26176 --- [springboot-ssr-financeweb] [main] o.s.d.j.r.query.QueryEnhancerFactory     : Hibernate is in classpath; If applicable, HQL parser will be used.
2024-12-24T00:26:12.034+08:00  WARN 26176 --- [springboot-ssr-financeweb] [main] JpaBaseConfiguration$JpaWebConfiguration : spring.jpa.open-in-view is enabled by default. Therefore, database queries may be performed during view rendering. Explicitly configure spring.jpa.open-in-view to disable this warning
2024-12-24T00:26:12.062+08:00  WARN 26176 --- [springboot-ssr-financeweb] [main] .s.s.UserDetailsServiceAutoConfiguration : 

Using generated security password: af9b256b-303f-4601-b26e-e2100708930e

This generated password is for development use only. Your security configuration must be updated before running your application in production.

2024-12-24T00:26:12.066+08:00  INFO 26176 --- [springboot-ssr-financeweb] [main] r$InitializeUserDetailsManagerConfigurer : Global AuthenticationManager configured with UserDetailsService bean with name inMemoryUserDetailsManager
2024-12-24T00:26:12.165+08:00  INFO 26176 --- [springboot-ssr-financeweb] [main] o.s.b.a.w.s.WelcomePageHandlerMapping    : Adding welcome page: class path resource [static/index.html]
2024-12-24T00:26:12.484+08:00  INFO 26176 --- [springboot-ssr-financeweb] [main] o.s.b.w.embedded.tomcat.TomcatWebServer  : Tomcat started on port 8081 (http) with context path '/'
2024-12-24T00:26:12.493+08:00  INFO 26176 --- [springboot-ssr-financeweb] [main] c.e.d.SpringbootSsrFinancewebApplication : Started SpringbootSsrFinancewebApplication in 5.27 seconds (process running for 5.94)
2024-12-24T00:26:16.406+08:00  INFO 26176 --- [springboot-ssr-financeweb] [http-nio-8081-exec-1] o.a.c.c.C.[Tomcat].[localhost].[/]       : Initializing Spring DispatcherServlet 'dispatcherServlet'
2024-12-24T00:26:16.406+08:00  INFO 26176 --- [springboot-ssr-financeweb] [http-nio-8081-exec-1] o.s.web.servlet.DispatcherServlet        : Initializing Servlet 'dispatcherServlet'
2024-12-24T00:26:16.407+08:00  INFO 26176 --- [springboot-ssr-financeweb] [http-nio-8081-exec-1] o.s.web.servlet.DispatcherServlet        : Completed initialization in 1 ms
2024-12-24T00:27:24.623+08:00  INFO 26176 --- [springboot-ssr-financeweb] [RMI TCP Connection(11)-127.0.0.1] inMXBeanRegistrar$SpringApplicationAdmin : Application shutdown requested.
2024-12-24T00:27:24.649+08:00  INFO 26176 --- [springboot-ssr-financeweb] [RMI TCP Connection(11)-127.0.0.1] j.LocalContainerEntityManagerFactoryBean : Closing JPA EntityManagerFactory for persistence unit 'default'
2024-12-24T00:27:24.654+08:00  INFO 26176 --- [springboot-ssr-financeweb] [RMI TCP Connection(11)-127.0.0.1] com.zaxxer.hikari.HikariDataSource       : HikariPool-1 - Shutdown initiated...
2024-12-24T00:27:24.669+08:00  INFO 26176 --- [springboot-ssr-financeweb] [RMI TCP Connection(11)-127.0.0.1] com.zaxxer.hikari.HikariDataSource       : HikariPool-1 - Shutdown completed.
2024-12-24T00:27:27.028+08:00  INFO 8320 --- [springboot-ssr-financeweb] [main] c.e.d.SpringbootSsrFinancewebApplication : Starting SpringbootSsrFinancewebApplication using Java 21.0.4 with PID 8320 (C:\JAVA Practice\java_web\springboot-ssr-financeweb\target\classes started by jenny in C:\JAVA Practice\java_web\springboot-ssr-financeweb)
2024-12-24T00:27:27.030+08:00  INFO 8320 --- [springboot-ssr-financeweb] [main] c.e.d.SpringbootSsrFinancewebApplication : No active profile set, falling back to 1 default profile: "default"
2024-12-24T00:27:27.678+08:00  INFO 8320 --- [springboot-ssr-financeweb] [main] .s.d.r.c.RepositoryConfigurationDelegate : Bootstrapping Spring Data JPA repositories in DEFAULT mode.
2024-12-24T00:27:27.780+08:00  INFO 8320 --- [springboot-ssr-financeweb] [main] .s.d.r.c.RepositoryConfigurationDelegate : Finished Spring Data repository scanning in 96 ms. Found 9 JPA repository interfaces.
2024-12-24T00:27:28.207+08:00  INFO 8320 --- [springboot-ssr-financeweb] [main] o.s.b.w.embedded.tomcat.TomcatWebServer  : Tomcat initialized with port 8081 (http)
2024-12-24T00:27:28.219+08:00  INFO 8320 --- [springboot-ssr-financeweb] [main] o.apache.catalina.core.StandardService   : Starting service [Tomcat]
2024-12-24T00:27:28.219+08:00  INFO 8320 --- [springboot-ssr-financeweb] [main] o.apache.catalina.core.StandardEngine    : Starting Servlet engine: [Apache Tomcat/10.1.31]
2024-12-24T00:27:28.413+08:00  INFO 8320 --- [springboot-ssr-financeweb] [main] org.apache.jasper.servlet.TldScanner     : At least one JAR was scanned for TLDs yet contained no TLDs. Enable debug logging for this logger for a complete list of JARs that were scanned but no TLDs were found in them. Skipping unneeded JARs during scanning can improve startup time and JSP compilation time.
2024-12-24T00:27:28.419+08:00  INFO 8320 --- [springboot-ssr-financeweb] [main] o.a.c.c.C.[Tomcat].[localhost].[/]       : Initializing Spring embedded WebApplicationContext
2024-12-24T00:27:28.420+08:00  INFO 8320 --- [springboot-ssr-financeweb] [main] w.s.c.ServletWebServerApplicationContext : Root WebApplicationContext: initialization completed in 1349 ms
2024-12-24T00:27:28.576+08:00  INFO 8320 --- [springboot-ssr-financeweb] [main] o.hibernate.jpa.internal.util.LogHelper  : HHH000204: Processing PersistenceUnitInfo [name: default]
2024-12-24T00:27:28.620+08:00  INFO 8320 --- [springboot-ssr-financeweb] [main] org.hibernate.Version                    : HHH000412: Hibernate ORM core version 6.5.3.Final
2024-12-24T00:27:28.649+08:00  INFO 8320 --- [springboot-ssr-financeweb] [main] o.h.c.internal.RegionFactoryInitiator    : HHH000026: Second-level cache disabled
2024-12-24T00:27:28.906+08:00  INFO 8320 --- [springboot-ssr-financeweb] [main] o.s.o.j.p.SpringPersistenceUnitInfo      : No LoadTimeWeaver setup: ignoring JPA class transformer
2024-12-24T00:27:28.928+08:00  INFO 8320 --- [springboot-ssr-financeweb] [main] com.zaxxer.hikari.HikariDataSource       : HikariPool-1 - Starting...
2024-12-24T00:27:29.062+08:00  INFO 8320 --- [springboot-ssr-financeweb] [main] com.zaxxer.hikari.pool.HikariPool        : HikariPool-1 - Added connection com.mysql.cj.jdbc.ConnectionImpl@7a730479
2024-12-24T00:27:29.064+08:00  INFO 8320 --- [springboot-ssr-financeweb] [main] com.zaxxer.hikari.HikariDataSource       : HikariPool-1 - Start completed.
2024-12-24T00:27:29.918+08:00  INFO 8320 --- [springboot-ssr-financeweb] [main] o.h.e.t.j.p.i.JtaPlatformInitiator       : HHH000489: No JTA platform available (set 'hibernate.transaction.jta.platform' to enable JTA platform integration)
2024-12-24T00:27:29.998+08:00  INFO 8320 --- [springboot-ssr-financeweb] [main] j.LocalContainerEntityManagerFactoryBean : Initialized JPA EntityManagerFactory for persistence unit 'default'
2024-12-24T00:27:30.171+08:00  INFO 8320 --- [springboot-ssr-financeweb] [main] o.s.d.j.r.query.QueryEnhancerFactory     : Hibernate is in classpath; If applicable, HQL parser will be used.
2024-12-24T00:27:30.723+08:00  WARN 8320 --- [springboot-ssr-financeweb] [main] JpaBaseConfiguration$JpaWebConfiguration : spring.jpa.open-in-view is enabled by default. Therefore, database queries may be performed during view rendering. Explicitly configure spring.jpa.open-in-view to disable this warning
2024-12-24T00:27:30.755+08:00  WARN 8320 --- [springboot-ssr-financeweb] [main] .s.s.UserDetailsServiceAutoConfiguration : 

Using generated security password: eb4b82d0-761f-459a-a0a1-9917f18bdd8c

This generated password is for development use only. Your security configuration must be updated before running your application in production.

2024-12-24T00:27:30.759+08:00  INFO 8320 --- [springboot-ssr-financeweb] [main] r$InitializeUserDetailsManagerConfigurer : Global AuthenticationManager configured with UserDetailsService bean with name inMemoryUserDetailsManager
2024-12-24T00:27:30.846+08:00  INFO 8320 --- [springboot-ssr-financeweb] [main] o.s.b.a.w.s.WelcomePageHandlerMapping    : Adding welcome page: class path resource [static/index.html]
2024-12-24T00:27:31.207+08:00  INFO 8320 --- [springboot-ssr-financeweb] [main] o.s.b.w.embedded.tomcat.TomcatWebServer  : Tomcat started on port 8081 (http) with context path '/'
2024-12-24T00:27:31.215+08:00  INFO 8320 --- [springboot-ssr-financeweb] [main] c.e.d.SpringbootSsrFinancewebApplication : Started SpringbootSsrFinancewebApplication in 4.501 seconds (process running for 5.153)
2024-12-24T00:27:35.760+08:00  INFO 8320 --- [springboot-ssr-financeweb] [http-nio-8081-exec-1] o.a.c.c.C.[Tomcat].[localhost].[/]       : Initializing Spring DispatcherServlet 'dispatcherServlet'
2024-12-24T00:27:35.761+08:00  INFO 8320 --- [springboot-ssr-financeweb] [http-nio-8081-exec-1] o.s.web.servlet.DispatcherServlet        : Initializing Servlet 'dispatcherServlet'
2024-12-24T00:27:35.762+08:00  INFO 8320 --- [springboot-ssr-financeweb] [http-nio-8081-exec-1] o.s.web.servlet.DispatcherServlet        : Completed initialization in 1 ms
2024-12-24T00:36:08.128+08:00  INFO 8320 --- [springboot-ssr-financeweb] [RMI TCP Connection(18)-127.0.0.1] inMXBeanRegistrar$SpringApplicationAdmin : Application shutdown requested.
2024-12-24T00:36:08.141+08:00  INFO 8320 --- [springboot-ssr-financeweb] [RMI TCP Connection(18)-127.0.0.1] j.LocalContainerEntityManagerFactoryBean : Closing JPA EntityManagerFactory for persistence unit 'default'
2024-12-24T00:36:08.143+08:00  INFO 8320 --- [springboot-ssr-financeweb] [RMI TCP Connection(18)-127.0.0.1] com.zaxxer.hikari.HikariDataSource       : HikariPool-1 - Shutdown initiated...
2024-12-24T00:36:08.151+08:00  INFO 8320 --- [springboot-ssr-financeweb] [RMI TCP Connection(18)-127.0.0.1] com.zaxxer.hikari.HikariDataSource       : HikariPool-1 - Shutdown completed.
2024-12-24T00:36:10.460+08:00  INFO 26904 --- [springboot-ssr-financeweb] [main] c.e.d.SpringbootSsrFinancewebApplication : Starting SpringbootSsrFinancewebApplication using Java 21.0.4 with PID 26904 (C:\JAVA Practice\java_web\springboot-ssr-financeweb\target\classes started by jenny in C:\JAVA Practice\java_web\springboot-ssr-financeweb)
2024-12-24T00:36:10.463+08:00  INFO 26904 --- [springboot-ssr-financeweb] [main] c.e.d.SpringbootSsrFinancewebApplication : No active profile set, falling back to 1 default profile: "default"
2024-12-24T00:36:11.107+08:00  INFO 26904 --- [springboot-ssr-financeweb] [main] .s.d.r.c.RepositoryConfigurationDelegate : Bootstrapping Spring Data JPA repositories in DEFAULT mode.
2024-12-24T00:36:11.202+08:00  INFO 26904 --- [springboot-ssr-financeweb] [main] .s.d.r.c.RepositoryConfigurationDelegate : Finished Spring Data repository scanning in 90 ms. Found 9 JPA repository interfaces.
2024-12-24T00:36:11.672+08:00  INFO 26904 --- [springboot-ssr-financeweb] [main] o.s.b.w.embedded.tomcat.TomcatWebServer  : Tomcat initialized with port 8081 (http)
2024-12-24T00:36:11.689+08:00  INFO 26904 --- [springboot-ssr-financeweb] [main] o.apache.catalina.core.StandardService   : Starting service [Tomcat]
2024-12-24T00:36:11.689+08:00  INFO 26904 --- [springboot-ssr-financeweb] [main] o.apache.catalina.core.StandardEngine    : Starting Servlet engine: [Apache Tomcat/10.1.31]
2024-12-24T00:36:11.943+08:00  INFO 26904 --- [springboot-ssr-financeweb] [main] org.apache.jasper.servlet.TldScanner     : At least one JAR was scanned for TLDs yet contained no TLDs. Enable debug logging for this logger for a complete list of JARs that were scanned but no TLDs were found in them. Skipping unneeded JARs during scanning can improve startup time and JSP compilation time.
2024-12-24T00:36:11.953+08:00  INFO 26904 --- [springboot-ssr-financeweb] [main] o.a.c.c.C.[Tomcat].[localhost].[/]       : Initializing Spring embedded WebApplicationContext
2024-12-24T00:36:11.953+08:00  INFO 26904 --- [springboot-ssr-financeweb] [main] w.s.c.ServletWebServerApplicationContext : Root WebApplicationContext: initialization completed in 1439 ms
2024-12-24T00:36:12.125+08:00  INFO 26904 --- [springboot-ssr-financeweb] [main] o.hibernate.jpa.internal.util.LogHelper  : HHH000204: Processing PersistenceUnitInfo [name: default]
2024-12-24T00:36:12.183+08:00  INFO 26904 --- [springboot-ssr-financeweb] [main] org.hibernate.Version                    : HHH000412: Hibernate ORM core version 6.5.3.Final
2024-12-24T00:36:12.211+08:00  INFO 26904 --- [springboot-ssr-financeweb] [main] o.h.c.internal.RegionFactoryInitiator    : HHH000026: Second-level cache disabled
2024-12-24T00:36:12.487+08:00  INFO 26904 --- [springboot-ssr-financeweb] [main] o.s.o.j.p.SpringPersistenceUnitInfo      : No LoadTimeWeaver setup: ignoring JPA class transformer
2024-12-24T00:36:12.514+08:00  INFO 26904 --- [springboot-ssr-financeweb] [main] com.zaxxer.hikari.HikariDataSource       : HikariPool-1 - Starting...
2024-12-24T00:36:12.662+08:00  INFO 26904 --- [springboot-ssr-financeweb] [main] com.zaxxer.hikari.pool.HikariPool        : HikariPool-1 - Added connection com.mysql.cj.jdbc.ConnectionImpl@5df7a065
2024-12-24T00:36:12.664+08:00  INFO 26904 --- [springboot-ssr-financeweb] [main] com.zaxxer.hikari.HikariDataSource       : HikariPool-1 - Start completed.
2024-12-24T00:36:13.705+08:00  INFO 26904 --- [springboot-ssr-financeweb] [main] o.h.e.t.j.p.i.JtaPlatformInitiator       : HHH000489: No JTA platform available (set 'hibernate.transaction.jta.platform' to enable JTA platform integration)
2024-12-24T00:36:13.792+08:00  INFO 26904 --- [springboot-ssr-financeweb] [main] j.LocalContainerEntityManagerFactoryBean : Initialized JPA EntityManagerFactory for persistence unit 'default'
2024-12-24T00:36:14.006+08:00  INFO 26904 --- [springboot-ssr-financeweb] [main] o.s.d.j.r.query.QueryEnhancerFactory     : Hibernate is in classpath; If applicable, HQL parser will be used.
2024-12-24T00:36:14.638+08:00  WARN 26904 --- [springboot-ssr-financeweb] [main] JpaBaseConfiguration$JpaWebConfiguration : spring.jpa.open-in-view is enabled by default. Therefore, database queries may be performed during view rendering. Explicitly configure spring.jpa.open-in-view to disable this warning
2024-12-24T00:36:14.677+08:00  WARN 26904 --- [springboot-ssr-financeweb] [main] .s.s.UserDetailsServiceAutoConfiguration : 

Using generated security password: 18720a15-d694-4fb2-a042-b2dafe1fe59e

This generated password is for development use only. Your security configuration must be updated before running your application in production.

2024-12-24T00:36:14.684+08:00  INFO 26904 --- [springboot-ssr-financeweb] [main] r$InitializeUserDetailsManagerConfigurer : Global AuthenticationManager configured with UserDetailsService bean with name inMemoryUserDetailsManager
2024-12-24T00:36:14.792+08:00  INFO 26904 --- [springboot-ssr-financeweb] [main] o.s.b.a.w.s.WelcomePageHandlerMapping    : Adding welcome page: class path resource [static/index.html]
2024-12-24T00:36:15.200+08:00  INFO 26904 --- [springboot-ssr-financeweb] [main] o.s.b.w.embedded.tomcat.TomcatWebServer  : Tomcat started on port 8081 (http) with context path '/'
2024-12-24T00:36:15.211+08:00  INFO 26904 --- [springboot-ssr-financeweb] [main] c.e.d.SpringbootSsrFinancewebApplication : Started SpringbootSsrFinancewebApplication in 5.075 seconds (process running for 5.778)
2024-12-24T00:36:19.409+08:00  INFO 26904 --- [springboot-ssr-financeweb] [http-nio-8081-exec-1] o.a.c.c.C.[Tomcat].[localhost].[/]       : Initializing Spring DispatcherServlet 'dispatcherServlet'
2024-12-24T00:36:19.409+08:00  INFO 26904 --- [springboot-ssr-financeweb] [http-nio-8081-exec-1] o.s.web.servlet.DispatcherServlet        : Initializing Servlet 'dispatcherServlet'
2024-12-24T00:36:19.411+08:00  INFO 26904 --- [springboot-ssr-financeweb] [http-nio-8081-exec-1] o.s.web.servlet.DispatcherServlet        : Completed initialization in 2 ms
2024-12-24T09:32:49.137+08:00  WARN 26904 --- [springboot-ssr-financeweb] [HikariPool-1 housekeeper] com.zaxxer.hikari.pool.HikariPool        : HikariPool-1 - Thread starvation or clock leap detected (housekeeper delta=8h55m39s377ms542s).
2024-12-24T10:24:35.053+08:00  INFO 26904 --- [springboot-ssr-financeweb] [RMI TCP Connection(64)-127.0.0.1] inMXBeanRegistrar$SpringApplicationAdmin : Application shutdown requested.
2024-12-24T10:24:35.078+08:00  INFO 26904 --- [springboot-ssr-financeweb] [RMI TCP Connection(64)-127.0.0.1] j.LocalContainerEntityManagerFactoryBean : Closing JPA EntityManagerFactory for persistence unit 'default'
2024-12-24T10:24:35.088+08:00  INFO 26904 --- [springboot-ssr-financeweb] [RMI TCP Connection(64)-127.0.0.1] com.zaxxer.hikari.HikariDataSource       : HikariPool-1 - Shutdown initiated...
2024-12-24T10:24:35.091+08:00  INFO 26904 --- [springboot-ssr-financeweb] [RMI TCP Connection(64)-127.0.0.1] com.zaxxer.hikari.HikariDataSource       : HikariPool-1 - Shutdown completed.
2024-12-24T10:24:43.980+08:00  INFO 17440 --- [springboot-ssr-financeweb] [main] c.e.d.SpringbootSsrFinancewebApplication : Starting SpringbootSsrFinancewebApplication using Java 21.0.4 with PID 17440 (C:\JAVA Practice\java_web\springboot-ssr-financeweb\target\classes started by jenny in C:\JAVA Practice\java_web\springboot-ssr-financeweb)
2024-12-24T10:24:43.982+08:00  INFO 17440 --- [springboot-ssr-financeweb] [main] c.e.d.SpringbootSsrFinancewebApplication : No active profile set, falling back to 1 default profile: "default"
2024-12-24T10:24:44.520+08:00  INFO 17440 --- [springboot-ssr-financeweb] [main] .s.d.r.c.RepositoryConfigurationDelegate : Bootstrapping Spring Data JPA repositories in DEFAULT mode.
2024-12-24T10:24:44.585+08:00  INFO 17440 --- [springboot-ssr-financeweb] [main] .s.d.r.c.RepositoryConfigurationDelegate : Finished Spring Data repository scanning in 60 ms. Found 9 JPA repository interfaces.
2024-12-24T10:24:44.979+08:00  INFO 17440 --- [springboot-ssr-financeweb] [main] o.s.b.w.embedded.tomcat.TomcatWebServer  : Tomcat initialized with port 8081 (http)
2024-12-24T10:24:44.993+08:00  INFO 17440 --- [springboot-ssr-financeweb] [main] o.apache.catalina.core.StandardService   : Starting service [Tomcat]
2024-12-24T10:24:44.993+08:00  INFO 17440 --- [springboot-ssr-financeweb] [main] o.apache.catalina.core.StandardEngine    : Starting Servlet engine: [Apache Tomcat/10.1.31]
2024-12-24T10:24:45.163+08:00  INFO 17440 --- [springboot-ssr-financeweb] [main] org.apache.jasper.servlet.TldScanner     : At least one JAR was scanned for TLDs yet contained no TLDs. Enable debug logging for this logger for a complete list of JARs that were scanned but no TLDs were found in them. Skipping unneeded JARs during scanning can improve startup time and JSP compilation time.
2024-12-24T10:24:45.168+08:00  INFO 17440 --- [springboot-ssr-financeweb] [main] o.a.c.c.C.[Tomcat].[localhost].[/]       : Initializing Spring embedded WebApplicationContext
2024-12-24T10:24:45.168+08:00  INFO 17440 --- [springboot-ssr-financeweb] [main] w.s.c.ServletWebServerApplicationContext : Root WebApplicationContext: initialization completed in 1157 ms
2024-12-24T10:24:45.285+08:00  INFO 17440 --- [springboot-ssr-financeweb] [main] o.hibernate.jpa.internal.util.LogHelper  : HHH000204: Processing PersistenceUnitInfo [name: default]
2024-12-24T10:24:45.349+08:00  INFO 17440 --- [springboot-ssr-financeweb] [main] org.hibernate.Version                    : HHH000412: Hibernate ORM core version 6.5.3.Final
2024-12-24T10:24:45.382+08:00  INFO 17440 --- [springboot-ssr-financeweb] [main] o.h.c.internal.RegionFactoryInitiator    : HHH000026: Second-level cache disabled
2024-12-24T10:24:45.616+08:00  INFO 17440 --- [springboot-ssr-financeweb] [main] o.s.o.j.p.SpringPersistenceUnitInfo      : No LoadTimeWeaver setup: ignoring JPA class transformer
2024-12-24T10:24:45.642+08:00  INFO 17440 --- [springboot-ssr-financeweb] [main] com.zaxxer.hikari.HikariDataSource       : HikariPool-1 - Starting...
2024-12-24T10:24:45.768+08:00  INFO 17440 --- [springboot-ssr-financeweb] [main] com.zaxxer.hikari.pool.HikariPool        : HikariPool-1 - Added connection com.mysql.cj.jdbc.ConnectionImpl@aedc426
2024-12-24T10:24:45.770+08:00  INFO 17440 --- [springboot-ssr-financeweb] [main] com.zaxxer.hikari.HikariDataSource       : HikariPool-1 - Start completed.
2024-12-24T10:24:46.605+08:00  INFO 17440 --- [springboot-ssr-financeweb] [main] o.h.e.t.j.p.i.JtaPlatformInitiator       : HHH000489: No JTA platform available (set 'hibernate.transaction.jta.platform' to enable JTA platform integration)
2024-12-24T10:24:46.675+08:00  INFO 17440 --- [springboot-ssr-financeweb] [main] j.LocalContainerEntityManagerFactoryBean : Initialized JPA EntityManagerFactory for persistence unit 'default'
2024-12-24T10:24:46.824+08:00  INFO 17440 --- [springboot-ssr-financeweb] [main] o.s.d.j.r.query.QueryEnhancerFactory     : Hibernate is in classpath; If applicable, HQL parser will be used.
2024-12-24T10:24:47.258+08:00  WARN 17440 --- [springboot-ssr-financeweb] [main] JpaBaseConfiguration$JpaWebConfiguration : spring.jpa.open-in-view is enabled by default. Therefore, database queries may be performed during view rendering. Explicitly configure spring.jpa.open-in-view to disable this warning
2024-12-24T10:24:47.278+08:00  WARN 17440 --- [springboot-ssr-financeweb] [main] .s.s.UserDetailsServiceAutoConfiguration : 

Using generated security password: 7d5a4c1e-4761-4f73-8712-812f46e581ae

This generated password is for development use only. Your security configuration must be updated before running your application in production.

2024-12-24T10:24:47.282+08:00  INFO 17440 --- [springboot-ssr-financeweb] [main] r$InitializeUserDetailsManagerConfigurer : Global AuthenticationManager configured with UserDetailsService bean with name inMemoryUserDetailsManager
2024-12-24T10:24:47.351+08:00  INFO 17440 --- [springboot-ssr-financeweb] [main] o.s.b.a.w.s.WelcomePageHandlerMapping    : Adding welcome page: class path resource [static/index.html]
2024-12-24T10:24:47.644+08:00  INFO 17440 --- [springboot-ssr-financeweb] [main] o.s.b.w.embedded.tomcat.TomcatWebServer  : Tomcat started on port 8081 (http) with context path '/'
2024-12-24T10:24:47.649+08:00  INFO 17440 --- [springboot-ssr-financeweb] [main] c.e.d.SpringbootSsrFinancewebApplication : Started SpringbootSsrFinancewebApplication in 3.898 seconds (process running for 11.173)
2024-12-24T10:26:13.565+08:00  INFO 17440 --- [springboot-ssr-financeweb] [http-nio-8081-exec-1] o.a.c.c.C.[Tomcat].[localhost].[/]       : Initializing Spring DispatcherServlet 'dispatcherServlet'
2024-12-24T10:26:13.565+08:00  INFO 17440 --- [springboot-ssr-financeweb] [http-nio-8081-exec-1] o.s.web.servlet.DispatcherServlet        : Initializing Servlet 'dispatcherServlet'
2024-12-24T10:26:13.565+08:00  INFO 17440 --- [springboot-ssr-financeweb] [http-nio-8081-exec-1] o.s.web.servlet.DispatcherServlet        : Completed initialization in 0 ms
